[0.450s] Invoking command in '/home/eeadmin/rosworkspaces/sm_send_vel_ws/src/send_vel_sm_package': PYTHONPATH=/home/eeadmin/rosworkspaces/sm_send_vel_ws/build/send_vel_sm_package/prefix_override:/home/eeadmin/rosworkspaces/sm_send_vel_ws/install/send_vel_sm_package/lib/python3.10/site-packages:${PYTHONPATH} /usr/bin/python3 -W ignore:setup.py install is deprecated setup.py egg_info --egg-base ../../build/send_vel_sm_package build --build-base /home/eeadmin/rosworkspaces/sm_send_vel_ws/build/send_vel_sm_package/build install --record /home/eeadmin/rosworkspaces/sm_send_vel_ws/build/send_vel_sm_package/install.log --single-version-externally-managed install_data
[0.614s] running egg_info
[0.614s] writing ../../build/send_vel_sm_package/send_vel_sm_package.egg-info/PKG-INFO
[0.614s] writing dependency_links to ../../build/send_vel_sm_package/send_vel_sm_package.egg-info/dependency_links.txt
[0.615s] writing entry points to ../../build/send_vel_sm_package/send_vel_sm_package.egg-info/entry_points.txt
[0.615s] writing requirements to ../../build/send_vel_sm_package/send_vel_sm_package.egg-info/requires.txt
[0.615s] writing top-level names to ../../build/send_vel_sm_package/send_vel_sm_package.egg-info/top_level.txt
[0.616s] reading manifest file '../../build/send_vel_sm_package/send_vel_sm_package.egg-info/SOURCES.txt'
[0.616s] adding license file 'LICENSE'
[0.617s] writing manifest file '../../build/send_vel_sm_package/send_vel_sm_package.egg-info/SOURCES.txt'
[0.617s] running build
[0.617s] running build_py
[0.617s] copying send_vel_sm_package/send_vel_sm_node.py -> /home/eeadmin/rosworkspaces/sm_send_vel_ws/build/send_vel_sm_package/build/lib/send_vel_sm_package
[0.617s] creating /home/eeadmin/rosworkspaces/sm_send_vel_ws/build/send_vel_sm_package/build/lib/send_vel_sm_package/simple_sm_submodule
[0.617s] copying send_vel_sm_package/simple_sm_submodule/__init__.py -> /home/eeadmin/rosworkspaces/sm_send_vel_ws/build/send_vel_sm_package/build/lib/send_vel_sm_package/simple_sm_submodule
[0.617s] copying send_vel_sm_package/simple_sm_submodule/simple_sm.py -> /home/eeadmin/rosworkspaces/sm_send_vel_ws/build/send_vel_sm_package/build/lib/send_vel_sm_package/simple_sm_submodule
[0.617s] running install
[0.618s] running install_lib
[0.618s] copying /home/eeadmin/rosworkspaces/sm_send_vel_ws/build/send_vel_sm_package/build/lib/send_vel_sm_package/send_vel_sm_node.py -> /home/eeadmin/rosworkspaces/sm_send_vel_ws/install/send_vel_sm_package/lib/python3.10/site-packages/send_vel_sm_package
[0.618s] creating /home/eeadmin/rosworkspaces/sm_send_vel_ws/install/send_vel_sm_package/lib/python3.10/site-packages/send_vel_sm_package/simple_sm_submodule
[0.619s] copying /home/eeadmin/rosworkspaces/sm_send_vel_ws/build/send_vel_sm_package/build/lib/send_vel_sm_package/simple_sm_submodule/__init__.py -> /home/eeadmin/rosworkspaces/sm_send_vel_ws/install/send_vel_sm_package/lib/python3.10/site-packages/send_vel_sm_package/simple_sm_submodule
[0.619s] copying /home/eeadmin/rosworkspaces/sm_send_vel_ws/build/send_vel_sm_package/build/lib/send_vel_sm_package/simple_sm_submodule/simple_sm.py -> /home/eeadmin/rosworkspaces/sm_send_vel_ws/install/send_vel_sm_package/lib/python3.10/site-packages/send_vel_sm_package/simple_sm_submodule
[0.619s] byte-compiling /home/eeadmin/rosworkspaces/sm_send_vel_ws/install/send_vel_sm_package/lib/python3.10/site-packages/send_vel_sm_package/send_vel_sm_node.py to send_vel_sm_node.cpython-310.pyc
[0.619s] byte-compiling /home/eeadmin/rosworkspaces/sm_send_vel_ws/install/send_vel_sm_package/lib/python3.10/site-packages/send_vel_sm_package/simple_sm_submodule/__init__.py to __init__.cpython-310.pyc
[0.619s] byte-compiling /home/eeadmin/rosworkspaces/sm_send_vel_ws/install/send_vel_sm_package/lib/python3.10/site-packages/send_vel_sm_package/simple_sm_submodule/simple_sm.py to simple_sm.cpython-310.pyc
[0.620s] running install_data
[0.620s] running install_egg_info
[0.621s] removing '/home/eeadmin/rosworkspaces/sm_send_vel_ws/install/send_vel_sm_package/lib/python3.10/site-packages/send_vel_sm_package-0.0.0-py3.10.egg-info' (and everything under it)
[0.621s] Copying ../../build/send_vel_sm_package/send_vel_sm_package.egg-info to /home/eeadmin/rosworkspaces/sm_send_vel_ws/install/send_vel_sm_package/lib/python3.10/site-packages/send_vel_sm_package-0.0.0-py3.10.egg-info
[0.622s] running install_scripts
[0.636s] Installing send_vel_sm_node script to /home/eeadmin/rosworkspaces/sm_send_vel_ws/install/send_vel_sm_package/lib/send_vel_sm_package
[0.637s] writing list of installed files to '/home/eeadmin/rosworkspaces/sm_send_vel_ws/build/send_vel_sm_package/install.log'
[0.653s] Invoked command in '/home/eeadmin/rosworkspaces/sm_send_vel_ws/src/send_vel_sm_package' returned '0': PYTHONPATH=/home/eeadmin/rosworkspaces/sm_send_vel_ws/build/send_vel_sm_package/prefix_override:/home/eeadmin/rosworkspaces/sm_send_vel_ws/install/send_vel_sm_package/lib/python3.10/site-packages:${PYTHONPATH} /usr/bin/python3 -W ignore:setup.py install is deprecated setup.py egg_info --egg-base ../../build/send_vel_sm_package build --build-base /home/eeadmin/rosworkspaces/sm_send_vel_ws/build/send_vel_sm_package/build install --record /home/eeadmin/rosworkspaces/sm_send_vel_ws/build/send_vel_sm_package/install.log --single-version-externally-managed install_data
