[0.642s] Invoking command in '/home/eeadmin/rosworkspaces/dist_to_obj_ws/build/dist_to_obj_package': PS1=(myenv) \[\e]0;\u@\h: \w\a\]${debian_chroot:+($debian_chroot)}\[\033[01;32m\]\u@\h\[\033[00m\]:\[\033[01;34m\]\w\[\033[00m\]\$ PYTHONPATH=/home/eeadmin/rosworkspaces/dist_to_obj_ws/build/dist_to_obj_package/prefix_override:/home/eeadmin/rosworkspaces/dist_to_obj_ws/install/dist_to_obj_package/lib/python3.10/site-packages:${PYTHONPATH} VIRTUAL_ENV_PROMPT=(myenv) /usr/bin/python3 -W ignore:setup.py install is deprecated setup.py develop --editable --build-directory /home/eeadmin/rosworkspaces/dist_to_obj_ws/build/dist_to_obj_package/build --no-deps symlink_data --force
[0.831s] running develop
[0.920s] /usr/lib/python3/dist-packages/setuptools/command/easy_install.py:158: EasyInstallDeprecationWarning: easy_install command is deprecated. Use build and pip and other standards-based tools.
[0.920s]   warnings.warn(
[1.029s] running egg_info
[1.029s] writing dist_to_obj_package.egg-info/PKG-INFO
[1.030s] writing dependency_links to dist_to_obj_package.egg-info/dependency_links.txt
[1.030s] writing entry points to dist_to_obj_package.egg-info/entry_points.txt
[1.030s] writing requirements to dist_to_obj_package.egg-info/requires.txt
[1.030s] writing top-level names to dist_to_obj_package.egg-info/top_level.txt
[1.032s] reading manifest file 'dist_to_obj_package.egg-info/SOURCES.txt'
[1.032s] writing manifest file 'dist_to_obj_package.egg-info/SOURCES.txt'
[1.075s] running build_ext
[1.075s] Creating /home/eeadmin/rosworkspaces/dist_to_obj_ws/install/dist_to_obj_package/lib/python3.10/site-packages/dist-to-obj-package.egg-link (link to .)
[1.076s] Installing dist_to_obj_node script to /home/eeadmin/rosworkspaces/dist_to_obj_ws/install/dist_to_obj_package/lib/dist_to_obj_package
[1.077s] 
[1.077s] Installed /home/eeadmin/rosworkspaces/dist_to_obj_ws/build/dist_to_obj_package
[1.077s] running symlink_data
[1.077s] symbolically linking /home/eeadmin/rosworkspaces/dist_to_obj_ws/build/dist_to_obj_package/resource/dist_to_obj_package -> /home/eeadmin/rosworkspaces/dist_to_obj_ws/install/dist_to_obj_package/share/ament_index/resource_index/packages
[1.077s] symbolically linking /home/eeadmin/rosworkspaces/dist_to_obj_ws/build/dist_to_obj_package/package.xml -> /home/eeadmin/rosworkspaces/dist_to_obj_ws/install/dist_to_obj_package/share/dist_to_obj_package
[1.114s] Invoked command in '/home/eeadmin/rosworkspaces/dist_to_obj_ws/build/dist_to_obj_package' returned '0': PS1=(myenv) \[\e]0;\u@\h: \w\a\]${debian_chroot:+($debian_chroot)}\[\033[01;32m\]\u@\h\[\033[00m\]:\[\033[01;34m\]\w\[\033[00m\]\$ PYTHONPATH=/home/eeadmin/rosworkspaces/dist_to_obj_ws/build/dist_to_obj_package/prefix_override:/home/eeadmin/rosworkspaces/dist_to_obj_ws/install/dist_to_obj_package/lib/python3.10/site-packages:${PYTHONPATH} VIRTUAL_ENV_PROMPT=(myenv) /usr/bin/python3 -W ignore:setup.py install is deprecated setup.py develop --editable --build-directory /home/eeadmin/rosworkspaces/dist_to_obj_ws/build/dist_to_obj_package/build --no-deps symlink_data --force
