running egg_info
creating ../../build/dist_to_obj_package/dist_to_obj_package.egg-info
writing ../../build/dist_to_obj_package/dist_to_obj_package.egg-info/PKG-INFO
writing dependency_links to ../../build/dist_to_obj_package/dist_to_obj_package.egg-info/dependency_links.txt
writing entry points to ../../build/dist_to_obj_package/dist_to_obj_package.egg-info/entry_points.txt
writing requirements to ../../build/dist_to_obj_package/dist_to_obj_package.egg-info/requires.txt
writing top-level names to ../../build/dist_to_obj_package/dist_to_obj_package.egg-info/top_level.txt
writing manifest file '../../build/dist_to_obj_package/dist_to_obj_package.egg-info/SOURCES.txt'
reading manifest file '../../build/dist_to_obj_package/dist_to_obj_package.egg-info/SOURCES.txt'
adding license file 'LICENSE'
writing manifest file '../../build/dist_to_obj_package/dist_to_obj_package.egg-info/SOURCES.txt'
running build
running build_py
creating /home/eeadmin/rosworkspaces/dist_to_obj_ws/build/dist_to_obj_package/build
creating /home/eeadmin/rosworkspaces/dist_to_obj_ws/build/dist_to_obj_package/build/lib
creating /home/eeadmin/rosworkspaces/dist_to_obj_ws/build/dist_to_obj_package/build/lib/dist_to_obj_package
copying dist_to_obj_package/__init__.py -> /home/eeadmin/rosworkspaces/dist_to_obj_ws/build/dist_to_obj_package/build/lib/dist_to_obj_package
copying dist_to_obj_package/dist_to_obj_node.py -> /home/eeadmin/rosworkspaces/dist_to_obj_ws/build/dist_to_obj_package/build/lib/dist_to_obj_package
running install
running install_lib
creating /home/eeadmin/rosworkspaces/dist_to_obj_ws/install/dist_to_obj_package/lib/python3.10/site-packages/dist_to_obj_package
copying /home/eeadmin/rosworkspaces/dist_to_obj_ws/build/dist_to_obj_package/build/lib/dist_to_obj_package/__init__.py -> /home/eeadmin/rosworkspaces/dist_to_obj_ws/install/dist_to_obj_package/lib/python3.10/site-packages/dist_to_obj_package
copying /home/eeadmin/rosworkspaces/dist_to_obj_ws/build/dist_to_obj_package/build/lib/dist_to_obj_package/dist_to_obj_node.py -> /home/eeadmin/rosworkspaces/dist_to_obj_ws/install/dist_to_obj_package/lib/python3.10/site-packages/dist_to_obj_package
byte-compiling /home/eeadmin/rosworkspaces/dist_to_obj_ws/install/dist_to_obj_package/lib/python3.10/site-packages/dist_to_obj_package/__init__.py to __init__.cpython-310.pyc
byte-compiling /home/eeadmin/rosworkspaces/dist_to_obj_ws/install/dist_to_obj_package/lib/python3.10/site-packages/dist_to_obj_package/dist_to_obj_node.py to dist_to_obj_node.cpython-310.pyc
running install_data
creating /home/eeadmin/rosworkspaces/dist_to_obj_ws/install/dist_to_obj_package/share/ament_index
creating /home/eeadmin/rosworkspaces/dist_to_obj_ws/install/dist_to_obj_package/share/ament_index/resource_index
creating /home/eeadmin/rosworkspaces/dist_to_obj_ws/install/dist_to_obj_package/share/ament_index/resource_index/packages
copying resource/dist_to_obj_package -> /home/eeadmin/rosworkspaces/dist_to_obj_ws/install/dist_to_obj_package/share/ament_index/resource_index/packages
copying package.xml -> /home/eeadmin/rosworkspaces/dist_to_obj_ws/install/dist_to_obj_package/share/dist_to_obj_package
running install_egg_info
Copying ../../build/dist_to_obj_package/dist_to_obj_package.egg-info to /home/eeadmin/rosworkspaces/dist_to_obj_ws/install/dist_to_obj_package/lib/python3.10/site-packages/dist_to_obj_package-0.0.0-py3.10.egg-info
running install_scripts
Installing dist_to_obj_node script to /home/eeadmin/rosworkspaces/dist_to_obj_ws/install/dist_to_obj_package/lib/dist_to_obj_package
writing list of installed files to '/home/eeadmin/rosworkspaces/dist_to_obj_ws/build/dist_to_obj_package/install.log'
