running egg_info
writing ../../build/dist_to_obj_package/dist_to_obj_package.egg-info/PKG-INFO
writing dependency_links to ../../build/dist_to_obj_package/dist_to_obj_package.egg-info/dependency_links.txt
writing entry points to ../../build/dist_to_obj_package/dist_to_obj_package.egg-info/entry_points.txt
writing requirements to ../../build/dist_to_obj_package/dist_to_obj_package.egg-info/requires.txt
writing top-level names to ../../build/dist_to_obj_package/dist_to_obj_package.egg-info/top_level.txt
reading manifest file '../../build/dist_to_obj_package/dist_to_obj_package.egg-info/SOURCES.txt'
adding license file 'LICENSE'
writing manifest file '../../build/dist_to_obj_package/dist_to_obj_package.egg-info/SOURCES.txt'
running build
running build_py
copying dist_to_obj_package/object_detection_submodule/object_detection.py -> /home/eeadmin/rosworkspaces/dist_to_obj_ws/build/dist_to_obj_package/build/lib/dist_to_obj_package/object_detection_submodule
running install
running install_lib
copying /home/eeadmin/rosworkspaces/dist_to_obj_ws/build/dist_to_obj_package/build/lib/dist_to_obj_package/object_detection_submodule/object_detection.py -> /home/eeadmin/rosworkspaces/dist_to_obj_ws/install/dist_to_obj_package/lib/python3.10/site-packages/dist_to_obj_package/object_detection_submodule
byte-compiling /home/eeadmin/rosworkspaces/dist_to_obj_ws/install/dist_to_obj_package/lib/python3.10/site-packages/dist_to_obj_package/object_detection_submodule/object_detection.py to object_detection.cpython-310.pyc
running install_data
running install_egg_info
removing '/home/eeadmin/rosworkspaces/dist_to_obj_ws/install/dist_to_obj_package/lib/python3.10/site-packages/dist_to_obj_package-0.0.0-py3.10.egg-info' (and everything under it)
Copying ../../build/dist_to_obj_package/dist_to_obj_package.egg-info to /home/eeadmin/rosworkspaces/dist_to_obj_ws/install/dist_to_obj_package/lib/python3.10/site-packages/dist_to_obj_package-0.0.0-py3.10.egg-info
running install_scripts
Installing dist_to_obj_node script to /home/eeadmin/rosworkspaces/dist_to_obj_ws/install/dist_to_obj_package/lib/dist_to_obj_package
writing list of installed files to '/home/eeadmin/rosworkspaces/dist_to_obj_ws/build/dist_to_obj_package/install.log'
