running egg_info
writing ../../build/turtlebot_vel_ctrl/turtlebot_vel_ctrl.egg-info/PKG-INFO
writing dependency_links to ../../build/turtlebot_vel_ctrl/turtlebot_vel_ctrl.egg-info/dependency_links.txt
writing entry points to ../../build/turtlebot_vel_ctrl/turtlebot_vel_ctrl.egg-info/entry_points.txt
writing requirements to ../../build/turtlebot_vel_ctrl/turtlebot_vel_ctrl.egg-info/requires.txt
writing top-level names to ../../build/turtlebot_vel_ctrl/turtlebot_vel_ctrl.egg-info/top_level.txt
reading manifest file '../../build/turtlebot_vel_ctrl/turtlebot_vel_ctrl.egg-info/SOURCES.txt'
adding license file 'LICENSE'
writing manifest file '../../build/turtlebot_vel_ctrl/turtlebot_vel_ctrl.egg-info/SOURCES.txt'
running build
running build_py
copying turtlebot_vel_ctrl/vel_ctrl.py -> /home/eeadmin/selfdrive/ros2/build/turtlebot_vel_ctrl/build/lib/turtlebot_vel_ctrl
running install
running install_lib
copying /home/eeadmin/selfdrive/ros2/build/turtlebot_vel_ctrl/build/lib/turtlebot_vel_ctrl/vel_ctrl.py -> /home/eeadmin/selfdrive/ros2/install/turtlebot_vel_ctrl/lib/python3.10/site-packages/turtlebot_vel_ctrl
byte-compiling /home/eeadmin/selfdrive/ros2/install/turtlebot_vel_ctrl/lib/python3.10/site-packages/turtlebot_vel_ctrl/vel_ctrl.py to vel_ctrl.cpython-310.pyc
running install_data
running install_egg_info
removing '/home/eeadmin/selfdrive/ros2/install/turtlebot_vel_ctrl/lib/python3.10/site-packages/turtlebot_vel_ctrl-0.0.0-py3.10.egg-info' (and everything under it)
Copying ../../build/turtlebot_vel_ctrl/turtlebot_vel_ctrl.egg-info to /home/eeadmin/selfdrive/ros2/install/turtlebot_vel_ctrl/lib/python3.10/site-packages/turtlebot_vel_ctrl-0.0.0-py3.10.egg-info
running install_scripts
Installing vel_ctrl script to /home/eeadmin/selfdrive/ros2/install/turtlebot_vel_ctrl/lib/turtlebot_vel_ctrl
writing list of installed files to '/home/eeadmin/selfdrive/ros2/build/turtlebot_vel_ctrl/install.log'
