[0.653s] Invoking command in '/home/eeadmin/rosworkspaces/dist_to_obj_ws/src/dist_to_obj_package': PYTHONPATH=/home/eeadmin/rosworkspaces/dist_to_obj_ws/build/dist_to_obj_package/prefix_override:/home/eeadmin/rosworkspaces/dist_to_obj_ws/install/dist_to_obj_package/lib/python3.10/site-packages:${PYTHONPATH} /usr/bin/python3 -W ignore:setup.py install is deprecated setup.py egg_info --egg-base ../../build/dist_to_obj_package build --build-base /home/eeadmin/rosworkspaces/dist_to_obj_ws/build/dist_to_obj_package/build install --record /home/eeadmin/rosworkspaces/dist_to_obj_ws/build/dist_to_obj_package/install.log --single-version-externally-managed install_data
[0.813s] running egg_info
[0.814s] writing ../../build/dist_to_obj_package/dist_to_obj_package.egg-info/PKG-INFO
[0.817s] writing dependency_links to ../../build/dist_to_obj_package/dist_to_obj_package.egg-info/dependency_links.txt
[0.817s] writing entry points to ../../build/dist_to_obj_package/dist_to_obj_package.egg-info/entry_points.txt
[0.817s] writing requirements to ../../build/dist_to_obj_package/dist_to_obj_package.egg-info/requires.txt
[0.818s] writing top-level names to ../../build/dist_to_obj_package/dist_to_obj_package.egg-info/top_level.txt
[0.819s] reading manifest file '../../build/dist_to_obj_package/dist_to_obj_package.egg-info/SOURCES.txt'
[0.820s] adding license file 'LICENSE'
[0.820s] writing manifest file '../../build/dist_to_obj_package/dist_to_obj_package.egg-info/SOURCES.txt'
[0.820s] running build
[0.820s] running build_py
[0.821s] copying dist_to_obj_package/dist_to_obj_node.py -> /home/eeadmin/rosworkspaces/dist_to_obj_ws/build/dist_to_obj_package/build/lib/dist_to_obj_package
[0.821s] copying dist_to_obj_package/object_detection_submodule/object_detection.py -> /home/eeadmin/rosworkspaces/dist_to_obj_ws/build/dist_to_obj_package/build/lib/dist_to_obj_package/object_detection_submodule
[0.821s] running install
[0.822s] running install_lib
[0.822s] copying /home/eeadmin/rosworkspaces/dist_to_obj_ws/build/dist_to_obj_package/build/lib/dist_to_obj_package/dist_to_obj_node.py -> /home/eeadmin/rosworkspaces/dist_to_obj_ws/install/dist_to_obj_package/lib/python3.10/site-packages/dist_to_obj_package
[0.823s] copying /home/eeadmin/rosworkspaces/dist_to_obj_ws/build/dist_to_obj_package/build/lib/dist_to_obj_package/object_detection_submodule/object_detection.py -> /home/eeadmin/rosworkspaces/dist_to_obj_ws/install/dist_to_obj_package/lib/python3.10/site-packages/dist_to_obj_package/object_detection_submodule
[0.823s] byte-compiling /home/eeadmin/rosworkspaces/dist_to_obj_ws/install/dist_to_obj_package/lib/python3.10/site-packages/dist_to_obj_package/dist_to_obj_node.py to dist_to_obj_node.cpython-310.pyc
[0.824s] byte-compiling /home/eeadmin/rosworkspaces/dist_to_obj_ws/install/dist_to_obj_package/lib/python3.10/site-packages/dist_to_obj_package/object_detection_submodule/object_detection.py to object_detection.cpython-310.pyc
[0.824s] running install_data
[0.825s] running install_egg_info
[0.826s] removing '/home/eeadmin/rosworkspaces/dist_to_obj_ws/install/dist_to_obj_package/lib/python3.10/site-packages/dist_to_obj_package-0.0.0-py3.10.egg-info' (and everything under it)
[0.826s] Copying ../../build/dist_to_obj_package/dist_to_obj_package.egg-info to /home/eeadmin/rosworkspaces/dist_to_obj_ws/install/dist_to_obj_package/lib/python3.10/site-packages/dist_to_obj_package-0.0.0-py3.10.egg-info
[0.827s] running install_scripts
[0.841s] Installing dist_to_obj_node script to /home/eeadmin/rosworkspaces/dist_to_obj_ws/install/dist_to_obj_package/lib/dist_to_obj_package
[0.842s] writing list of installed files to '/home/eeadmin/rosworkspaces/dist_to_obj_ws/build/dist_to_obj_package/install.log'
[0.867s] Invoked command in '/home/eeadmin/rosworkspaces/dist_to_obj_ws/src/dist_to_obj_package' returned '0': PYTHONPATH=/home/eeadmin/rosworkspaces/dist_to_obj_ws/build/dist_to_obj_package/prefix_override:/home/eeadmin/rosworkspaces/dist_to_obj_ws/install/dist_to_obj_package/lib/python3.10/site-packages:${PYTHONPATH} /usr/bin/python3 -W ignore:setup.py install is deprecated setup.py egg_info --egg-base ../../build/dist_to_obj_package build --build-base /home/eeadmin/rosworkspaces/dist_to_obj_ws/build/dist_to_obj_package/build install --record /home/eeadmin/rosworkspaces/dist_to_obj_ws/build/dist_to_obj_package/install.log --single-version-externally-managed install_data
