[1.082s] Invoking command in '/home/eeadmin/rosworkspaces/controlled_stop_ws/src/controlled_stop_pkg': PYTHONPATH=/home/eeadmin/rosworkspaces/controlled_stop_ws/build/controlled_stop_pkg/prefix_override:/home/eeadmin/rosworkspaces/controlled_stop_ws/install/controlled_stop_pkg/lib/python3.10/site-packages:${PYTHONPATH} /usr/bin/python3 -W ignore:setup.py install is deprecated setup.py egg_info --egg-base ../../build/controlled_stop_pkg build --build-base /home/eeadmin/rosworkspaces/controlled_stop_ws/build/controlled_stop_pkg/build install --record /home/eeadmin/rosworkspaces/controlled_stop_ws/build/controlled_stop_pkg/install.log --single-version-externally-managed install_data
[1.317s] running egg_info
[1.318s] writing ../../build/controlled_stop_pkg/controlled_stop_pkg.egg-info/PKG-INFO
[1.324s] writing dependency_links to ../../build/controlled_stop_pkg/controlled_stop_pkg.egg-info/dependency_links.txt
[1.324s] writing entry points to ../../build/controlled_stop_pkg/controlled_stop_pkg.egg-info/entry_points.txt
[1.325s] writing requirements to ../../build/controlled_stop_pkg/controlled_stop_pkg.egg-info/requires.txt
[1.325s] writing top-level names to ../../build/controlled_stop_pkg/controlled_stop_pkg.egg-info/top_level.txt
[1.327s] reading manifest file '../../build/controlled_stop_pkg/controlled_stop_pkg.egg-info/SOURCES.txt'
[1.327s] adding license file 'LICENSE'
[1.328s] writing manifest file '../../build/controlled_stop_pkg/controlled_stop_pkg.egg-info/SOURCES.txt'
[1.328s] running build
[1.328s] running build_py
[1.329s] running install
[1.329s] running install_lib
[1.330s] running install_data
[1.332s] running install_egg_info
[1.334s] removing '/home/eeadmin/rosworkspaces/controlled_stop_ws/install/controlled_stop_pkg/lib/python3.10/site-packages/controlled_stop_pkg-0.0.0-py3.10.egg-info' (and everything under it)
[1.334s] Copying ../../build/controlled_stop_pkg/controlled_stop_pkg.egg-info to /home/eeadmin/rosworkspaces/controlled_stop_ws/install/controlled_stop_pkg/lib/python3.10/site-packages/controlled_stop_pkg-0.0.0-py3.10.egg-info
[1.336s] running install_scripts
[1.363s] Installing controlled_stop_node script to /home/eeadmin/rosworkspaces/controlled_stop_ws/install/controlled_stop_pkg/lib/controlled_stop_pkg
[1.364s] writing list of installed files to '/home/eeadmin/rosworkspaces/controlled_stop_ws/build/controlled_stop_pkg/install.log'
[1.402s] Invoked command in '/home/eeadmin/rosworkspaces/controlled_stop_ws/src/controlled_stop_pkg' returned '0': PYTHONPATH=/home/eeadmin/rosworkspaces/controlled_stop_ws/build/controlled_stop_pkg/prefix_override:/home/eeadmin/rosworkspaces/controlled_stop_ws/install/controlled_stop_pkg/lib/python3.10/site-packages:${PYTHONPATH} /usr/bin/python3 -W ignore:setup.py install is deprecated setup.py egg_info --egg-base ../../build/controlled_stop_pkg build --build-base /home/eeadmin/rosworkspaces/controlled_stop_ws/build/controlled_stop_pkg/build install --record /home/eeadmin/rosworkspaces/controlled_stop_ws/build/controlled_stop_pkg/install.log --single-version-externally-managed install_data
