running egg_info
creating ../../build/controlled_stop_pkg/controlled_stop_pkg.egg-info
writing ../../build/controlled_stop_pkg/controlled_stop_pkg.egg-info/PKG-INFO
writing dependency_links to ../../build/controlled_stop_pkg/controlled_stop_pkg.egg-info/dependency_links.txt
writing entry points to ../../build/controlled_stop_pkg/controlled_stop_pkg.egg-info/entry_points.txt
writing requirements to ../../build/controlled_stop_pkg/controlled_stop_pkg.egg-info/requires.txt
writing top-level names to ../../build/controlled_stop_pkg/controlled_stop_pkg.egg-info/top_level.txt
writing manifest file '../../build/controlled_stop_pkg/controlled_stop_pkg.egg-info/SOURCES.txt'
reading manifest file '../../build/controlled_stop_pkg/controlled_stop_pkg.egg-info/SOURCES.txt'
adding license file 'LICENSE'
writing manifest file '../../build/controlled_stop_pkg/controlled_stop_pkg.egg-info/SOURCES.txt'
running build
running build_py
creating /home/eeadmin/rosworkspaces/controlled_stop_ws/build/controlled_stop_pkg/build
creating /home/eeadmin/rosworkspaces/controlled_stop_ws/build/controlled_stop_pkg/build/lib
creating /home/eeadmin/rosworkspaces/controlled_stop_ws/build/controlled_stop_pkg/build/lib/controlled_stop_pkg
copying controlled_stop_pkg/__init__.py -> /home/eeadmin/rosworkspaces/controlled_stop_ws/build/controlled_stop_pkg/build/lib/controlled_stop_pkg
copying controlled_stop_pkg/controlled_stop_node.py -> /home/eeadmin/rosworkspaces/controlled_stop_ws/build/controlled_stop_pkg/build/lib/controlled_stop_pkg
running install
running install_lib
creating /home/eeadmin/rosworkspaces/controlled_stop_ws/install/controlled_stop_pkg/lib/python3.10/site-packages/controlled_stop_pkg
copying /home/eeadmin/rosworkspaces/controlled_stop_ws/build/controlled_stop_pkg/build/lib/controlled_stop_pkg/__init__.py -> /home/eeadmin/rosworkspaces/controlled_stop_ws/install/controlled_stop_pkg/lib/python3.10/site-packages/controlled_stop_pkg
copying /home/eeadmin/rosworkspaces/controlled_stop_ws/build/controlled_stop_pkg/build/lib/controlled_stop_pkg/controlled_stop_node.py -> /home/eeadmin/rosworkspaces/controlled_stop_ws/install/controlled_stop_pkg/lib/python3.10/site-packages/controlled_stop_pkg
byte-compiling /home/eeadmin/rosworkspaces/controlled_stop_ws/install/controlled_stop_pkg/lib/python3.10/site-packages/controlled_stop_pkg/__init__.py to __init__.cpython-310.pyc
byte-compiling /home/eeadmin/rosworkspaces/controlled_stop_ws/install/controlled_stop_pkg/lib/python3.10/site-packages/controlled_stop_pkg/controlled_stop_node.py to controlled_stop_node.cpython-310.pyc
running install_data
creating /home/eeadmin/rosworkspaces/controlled_stop_ws/install/controlled_stop_pkg/share/ament_index
creating /home/eeadmin/rosworkspaces/controlled_stop_ws/install/controlled_stop_pkg/share/ament_index/resource_index
creating /home/eeadmin/rosworkspaces/controlled_stop_ws/install/controlled_stop_pkg/share/ament_index/resource_index/packages
copying resource/controlled_stop_pkg -> /home/eeadmin/rosworkspaces/controlled_stop_ws/install/controlled_stop_pkg/share/ament_index/resource_index/packages
copying package.xml -> /home/eeadmin/rosworkspaces/controlled_stop_ws/install/controlled_stop_pkg/share/controlled_stop_pkg
running install_egg_info
Copying ../../build/controlled_stop_pkg/controlled_stop_pkg.egg-info to /home/eeadmin/rosworkspaces/controlled_stop_ws/install/controlled_stop_pkg/lib/python3.10/site-packages/controlled_stop_pkg-0.0.0-py3.10.egg-info
running install_scripts
writing list of installed files to '/home/eeadmin/rosworkspaces/controlled_stop_ws/build/controlled_stop_pkg/install.log'
