[0.754s] Invoking command in '/home/eeadmin/rosworkspaces/dist_to_obj_ws/src/dist_to_obj_package': PYTHONPATH=/home/eeadmin/rosworkspaces/dist_to_obj_ws/build/dist_to_obj_package/prefix_override:/home/eeadmin/rosworkspaces/dist_to_obj_ws/install/dist_to_obj_package/lib/python3.10/site-packages:${PYTHONPATH} /usr/bin/python3 -W ignore:setup.py install is deprecated setup.py egg_info --egg-base ../../build/dist_to_obj_package build --build-base /home/eeadmin/rosworkspaces/dist_to_obj_ws/build/dist_to_obj_package/build install --record /home/eeadmin/rosworkspaces/dist_to_obj_ws/build/dist_to_obj_package/install.log --single-version-externally-managed install_data
[0.930s] running egg_info
[0.931s] writing ../../build/dist_to_obj_package/dist_to_obj_package.egg-info/PKG-INFO
[0.931s] writing dependency_links to ../../build/dist_to_obj_package/dist_to_obj_package.egg-info/dependency_links.txt
[0.931s] writing entry points to ../../build/dist_to_obj_package/dist_to_obj_package.egg-info/entry_points.txt
[0.931s] writing requirements to ../../build/dist_to_obj_package/dist_to_obj_package.egg-info/requires.txt
[0.931s] writing top-level names to ../../build/dist_to_obj_package/dist_to_obj_package.egg-info/top_level.txt
[0.933s] reading manifest file '../../build/dist_to_obj_package/dist_to_obj_package.egg-info/SOURCES.txt'
[0.934s] adding license file 'LICENSE'
[0.934s] writing manifest file '../../build/dist_to_obj_package/dist_to_obj_package.egg-info/SOURCES.txt'
[0.934s] running build
[0.934s] running build_py
[0.935s] running install
[0.935s] running install_lib
[0.936s] running install_data
[0.936s] running install_egg_info
[0.937s] removing '/home/eeadmin/rosworkspaces/dist_to_obj_ws/install/dist_to_obj_package/lib/python3.10/site-packages/dist_to_obj_package-0.0.0-py3.10.egg-info' (and everything under it)
[0.938s] Copying ../../build/dist_to_obj_package/dist_to_obj_package.egg-info to /home/eeadmin/rosworkspaces/dist_to_obj_ws/install/dist_to_obj_package/lib/python3.10/site-packages/dist_to_obj_package-0.0.0-py3.10.egg-info
[0.938s] running install_scripts
[0.955s] Installing dist_to_obj_node script to /home/eeadmin/rosworkspaces/dist_to_obj_ws/install/dist_to_obj_package/lib/dist_to_obj_package
[0.956s] writing list of installed files to '/home/eeadmin/rosworkspaces/dist_to_obj_ws/build/dist_to_obj_package/install.log'
[0.979s] Invoked command in '/home/eeadmin/rosworkspaces/dist_to_obj_ws/src/dist_to_obj_package' returned '0': PYTHONPATH=/home/eeadmin/rosworkspaces/dist_to_obj_ws/build/dist_to_obj_package/prefix_override:/home/eeadmin/rosworkspaces/dist_to_obj_ws/install/dist_to_obj_package/lib/python3.10/site-packages:${PYTHONPATH} /usr/bin/python3 -W ignore:setup.py install is deprecated setup.py egg_info --egg-base ../../build/dist_to_obj_package build --build-base /home/eeadmin/rosworkspaces/dist_to_obj_ws/build/dist_to_obj_package/build install --record /home/eeadmin/rosworkspaces/dist_to_obj_ws/build/dist_to_obj_package/install.log --single-version-externally-managed install_data
