[0.480s] Invoking command in '/home/eeadmin/selfdrive/ros2/src/turtlebot_vel_ctrl': PS1=(venv) \[\e]0;\u@\h: \w\a\]${debian_chroot:+($debian_chroot)}\[\033[01;32m\]\u@\h\[\033[00m\]:\[\033[01;34m\]\w\[\033[00m\]\$ PYTHONPATH=/home/eeadmin/selfdrive/ros2/build/turtlebot_vel_ctrl/prefix_override:/home/eeadmin/selfdrive/ros2/install/turtlebot_vel_ctrl/lib/python3.10/site-packages:${PYTHONPATH} VIRTUAL_ENV_PROMPT=(venv) /usr/bin/python3 setup.py egg_info --egg-base ../../build/turtlebot_vel_ctrl build --build-base /home/eeadmin/selfdrive/ros2/build/turtlebot_vel_ctrl/build install --record /home/eeadmin/selfdrive/ros2/build/turtlebot_vel_ctrl/install.log --single-version-externally-managed
[0.636s] running egg_info
[0.636s] creating ../../build/turtlebot_vel_ctrl/turtlebot_vel_ctrl.egg-info
[0.636s] writing ../../build/turtlebot_vel_ctrl/turtlebot_vel_ctrl.egg-info/PKG-INFO
[0.636s] writing dependency_links to ../../build/turtlebot_vel_ctrl/turtlebot_vel_ctrl.egg-info/dependency_links.txt
[0.636s] writing entry points to ../../build/turtlebot_vel_ctrl/turtlebot_vel_ctrl.egg-info/entry_points.txt
[0.637s] writing requirements to ../../build/turtlebot_vel_ctrl/turtlebot_vel_ctrl.egg-info/requires.txt
[0.637s] writing top-level names to ../../build/turtlebot_vel_ctrl/turtlebot_vel_ctrl.egg-info/top_level.txt
[0.637s] writing manifest file '../../build/turtlebot_vel_ctrl/turtlebot_vel_ctrl.egg-info/SOURCES.txt'
[0.638s] reading manifest file '../../build/turtlebot_vel_ctrl/turtlebot_vel_ctrl.egg-info/SOURCES.txt'
[0.638s] adding license file 'LICENSE'
[0.638s] writing manifest file '../../build/turtlebot_vel_ctrl/turtlebot_vel_ctrl.egg-info/SOURCES.txt'
[0.638s] running build
[0.638s] running build_py
[0.638s] creating /home/eeadmin/selfdrive/ros2/build/turtlebot_vel_ctrl/build
[0.639s] creating /home/eeadmin/selfdrive/ros2/build/turtlebot_vel_ctrl/build/lib
[0.639s] creating /home/eeadmin/selfdrive/ros2/build/turtlebot_vel_ctrl/build/lib/turtlebot_vel_ctrl
[0.639s] copying turtlebot_vel_ctrl/__init__.py -> /home/eeadmin/selfdrive/ros2/build/turtlebot_vel_ctrl/build/lib/turtlebot_vel_ctrl
[0.639s] copying turtlebot_vel_ctrl/vel_ctrl.py -> /home/eeadmin/selfdrive/ros2/build/turtlebot_vel_ctrl/build/lib/turtlebot_vel_ctrl
[0.639s] running install
[0.639s] /usr/lib/python3/dist-packages/setuptools/command/install.py:34: SetuptoolsDeprecationWarning: setup.py install is deprecated. Use build and pip and other standards-based tools.
[0.639s]   warnings.warn(
[0.639s] running install_lib
[0.639s] creating /home/eeadmin/selfdrive/ros2/install/turtlebot_vel_ctrl/lib/python3.10/site-packages/turtlebot_vel_ctrl
[0.640s] copying /home/eeadmin/selfdrive/ros2/build/turtlebot_vel_ctrl/build/lib/turtlebot_vel_ctrl/__init__.py -> /home/eeadmin/selfdrive/ros2/install/turtlebot_vel_ctrl/lib/python3.10/site-packages/turtlebot_vel_ctrl
[0.640s] copying /home/eeadmin/selfdrive/ros2/build/turtlebot_vel_ctrl/build/lib/turtlebot_vel_ctrl/vel_ctrl.py -> /home/eeadmin/selfdrive/ros2/install/turtlebot_vel_ctrl/lib/python3.10/site-packages/turtlebot_vel_ctrl
[0.640s] byte-compiling /home/eeadmin/selfdrive/ros2/install/turtlebot_vel_ctrl/lib/python3.10/site-packages/turtlebot_vel_ctrl/__init__.py to __init__.cpython-310.pyc
[0.640s] byte-compiling /home/eeadmin/selfdrive/ros2/install/turtlebot_vel_ctrl/lib/python3.10/site-packages/turtlebot_vel_ctrl/vel_ctrl.py to vel_ctrl.cpython-310.pyc
[0.641s] running install_data
[0.641s] creating /home/eeadmin/selfdrive/ros2/install/turtlebot_vel_ctrl/share/ament_index
[0.641s] creating /home/eeadmin/selfdrive/ros2/install/turtlebot_vel_ctrl/share/ament_index/resource_index
[0.641s] creating /home/eeadmin/selfdrive/ros2/install/turtlebot_vel_ctrl/share/ament_index/resource_index/packages
[0.641s] copying resource/turtlebot_vel_ctrl -> /home/eeadmin/selfdrive/ros2/install/turtlebot_vel_ctrl/share/ament_index/resource_index/packages
[0.641s] copying package.xml -> /home/eeadmin/selfdrive/ros2/install/turtlebot_vel_ctrl/share/turtlebot_vel_ctrl
[0.641s] running install_egg_info
[0.642s] Copying ../../build/turtlebot_vel_ctrl/turtlebot_vel_ctrl.egg-info to /home/eeadmin/selfdrive/ros2/install/turtlebot_vel_ctrl/lib/python3.10/site-packages/turtlebot_vel_ctrl-0.0.0-py3.10.egg-info
[0.643s] running install_scripts
[0.658s] Installing vel_ctrl script to /home/eeadmin/selfdrive/ros2/install/turtlebot_vel_ctrl/lib/turtlebot_vel_ctrl
[0.658s] writing list of installed files to '/home/eeadmin/selfdrive/ros2/build/turtlebot_vel_ctrl/install.log'
[0.679s] Invoked command in '/home/eeadmin/selfdrive/ros2/src/turtlebot_vel_ctrl' returned '0': PS1=(venv) \[\e]0;\u@\h: \w\a\]${debian_chroot:+($debian_chroot)}\[\033[01;32m\]\u@\h\[\033[00m\]:\[\033[01;34m\]\w\[\033[00m\]\$ PYTHONPATH=/home/eeadmin/selfdrive/ros2/build/turtlebot_vel_ctrl/prefix_override:/home/eeadmin/selfdrive/ros2/install/turtlebot_vel_ctrl/lib/python3.10/site-packages:${PYTHONPATH} VIRTUAL_ENV_PROMPT=(venv) /usr/bin/python3 setup.py egg_info --egg-base ../../build/turtlebot_vel_ctrl build --build-base /home/eeadmin/selfdrive/ros2/build/turtlebot_vel_ctrl/build install --record /home/eeadmin/selfdrive/ros2/build/turtlebot_vel_ctrl/install.log --single-version-externally-managed
