[0.641s] Invoking command in '/home/eeadmin/rosworkspaces/dist_to_obj_ws/build/dist_to_obj_package': PS1=(myenv) \[\e]0;\u@\h: \w\a\]${debian_chroot:+($debian_chroot)}\[\033[01;32m\]\u@\h\[\033[00m\]:\[\033[01;34m\]\w\[\033[00m\]\$ PYTHONPATH=/home/eeadmin/rosworkspaces/dist_to_obj_ws/build/dist_to_obj_package/prefix_override:/home/eeadmin/rosworkspaces/dist_to_obj_ws/install/dist_to_obj_package/lib/python3.10/site-packages:${PYTHONPATH} VIRTUAL_ENV_PROMPT=(myenv) /usr/bin/python3 -W ignore:setup.py install is deprecated setup.py develop --uninstall --editable --build-directory /home/eeadmin/rosworkspaces/dist_to_obj_ws/build/dist_to_obj_package/build
[0.822s] running develop
[0.822s] /usr/lib/python3/dist-packages/setuptools/command/easy_install.py:158: EasyInstallDeprecationWarning: easy_install command is deprecated. Use build and pip and other standards-based tools.
[0.822s]   warnings.warn(
[0.936s] Removing /home/eeadmin/rosworkspaces/dist_to_obj_ws/install/dist_to_obj_package/lib/python3.10/site-packages/dist-to-obj-package.egg-link (link to .)
[0.968s] Invoked command in '/home/eeadmin/rosworkspaces/dist_to_obj_ws/build/dist_to_obj_package' returned '0': PS1=(myenv) \[\e]0;\u@\h: \w\a\]${debian_chroot:+($debian_chroot)}\[\033[01;32m\]\u@\h\[\033[00m\]:\[\033[01;34m\]\w\[\033[00m\]\$ PYTHONPATH=/home/eeadmin/rosworkspaces/dist_to_obj_ws/build/dist_to_obj_package/prefix_override:/home/eeadmin/rosworkspaces/dist_to_obj_ws/install/dist_to_obj_package/lib/python3.10/site-packages:${PYTHONPATH} VIRTUAL_ENV_PROMPT=(myenv) /usr/bin/python3 -W ignore:setup.py install is deprecated setup.py develop --uninstall --editable --build-directory /home/eeadmin/rosworkspaces/dist_to_obj_ws/build/dist_to_obj_package/build
[0.969s] Invoking command in '/home/eeadmin/rosworkspaces/dist_to_obj_ws/src/dist_to_obj_package': PS1=(myenv) \[\e]0;\u@\h: \w\a\]${debian_chroot:+($debian_chroot)}\[\033[01;32m\]\u@\h\[\033[00m\]:\[\033[01;34m\]\w\[\033[00m\]\$ PYTHONPATH=/home/eeadmin/rosworkspaces/dist_to_obj_ws/build/dist_to_obj_package/prefix_override:/home/eeadmin/rosworkspaces/dist_to_obj_ws/install/dist_to_obj_package/lib/python3.10/site-packages:${PYTHONPATH} VIRTUAL_ENV_PROMPT=(myenv) /usr/bin/python3 -W ignore:setup.py install is deprecated setup.py egg_info --egg-base ../../build/dist_to_obj_package build --build-base /home/eeadmin/rosworkspaces/dist_to_obj_ws/build/dist_to_obj_package/build install --record /home/eeadmin/rosworkspaces/dist_to_obj_ws/build/dist_to_obj_package/install.log --single-version-externally-managed install_data --force
[1.137s] running egg_info
[1.137s] writing ../../build/dist_to_obj_package/dist_to_obj_package.egg-info/PKG-INFO
[1.137s] writing dependency_links to ../../build/dist_to_obj_package/dist_to_obj_package.egg-info/dependency_links.txt
[1.137s] writing entry points to ../../build/dist_to_obj_package/dist_to_obj_package.egg-info/entry_points.txt
[1.138s] writing requirements to ../../build/dist_to_obj_package/dist_to_obj_package.egg-info/requires.txt
[1.138s] writing top-level names to ../../build/dist_to_obj_package/dist_to_obj_package.egg-info/top_level.txt
[1.139s] reading manifest file '../../build/dist_to_obj_package/dist_to_obj_package.egg-info/SOURCES.txt'
[1.139s] adding license file 'LICENSE'
[1.140s] writing manifest file '../../build/dist_to_obj_package/dist_to_obj_package.egg-info/SOURCES.txt'
[1.140s] running build
[1.140s] running build_py
[1.140s] running install
[1.140s] running install_lib
[1.141s] copying /home/eeadmin/rosworkspaces/dist_to_obj_ws/build/dist_to_obj_package/build/lib/dist_to_obj_package/__init__.py -> /home/eeadmin/rosworkspaces/dist_to_obj_ws/install/dist_to_obj_package/lib/python3.10/site-packages/dist_to_obj_package
[1.141s] copying /home/eeadmin/rosworkspaces/dist_to_obj_ws/build/dist_to_obj_package/build/lib/dist_to_obj_package/dist_to_obj_node.py -> /home/eeadmin/rosworkspaces/dist_to_obj_ws/install/dist_to_obj_package/lib/python3.10/site-packages/dist_to_obj_package
[1.141s] creating /home/eeadmin/rosworkspaces/dist_to_obj_ws/install/dist_to_obj_package/lib/python3.10/site-packages/dist_to_obj_package/object_detection_submodule
[1.141s] copying /home/eeadmin/rosworkspaces/dist_to_obj_ws/build/dist_to_obj_package/build/lib/dist_to_obj_package/object_detection_submodule/object_detection.py -> /home/eeadmin/rosworkspaces/dist_to_obj_ws/install/dist_to_obj_package/lib/python3.10/site-packages/dist_to_obj_package/object_detection_submodule
[1.141s] copying /home/eeadmin/rosworkspaces/dist_to_obj_ws/build/dist_to_obj_package/build/lib/dist_to_obj_package/object_detection_submodule/__init__.py -> /home/eeadmin/rosworkspaces/dist_to_obj_ws/install/dist_to_obj_package/lib/python3.10/site-packages/dist_to_obj_package/object_detection_submodule
[1.141s] byte-compiling /home/eeadmin/rosworkspaces/dist_to_obj_ws/install/dist_to_obj_package/lib/python3.10/site-packages/dist_to_obj_package/__init__.py to __init__.cpython-310.pyc
[1.142s] byte-compiling /home/eeadmin/rosworkspaces/dist_to_obj_ws/install/dist_to_obj_package/lib/python3.10/site-packages/dist_to_obj_package/dist_to_obj_node.py to dist_to_obj_node.cpython-310.pyc
[1.142s] byte-compiling /home/eeadmin/rosworkspaces/dist_to_obj_ws/install/dist_to_obj_package/lib/python3.10/site-packages/dist_to_obj_package/object_detection_submodule/object_detection.py to object_detection.cpython-310.pyc
[1.142s] byte-compiling /home/eeadmin/rosworkspaces/dist_to_obj_ws/install/dist_to_obj_package/lib/python3.10/site-packages/dist_to_obj_package/object_detection_submodule/__init__.py to __init__.cpython-310.pyc
[1.143s] running install_data
[1.143s] copying resource/dist_to_obj_package -> /home/eeadmin/rosworkspaces/dist_to_obj_ws/install/dist_to_obj_package/share/ament_index/resource_index/packages
[1.143s] copying package.xml -> /home/eeadmin/rosworkspaces/dist_to_obj_ws/install/dist_to_obj_package/share/dist_to_obj_package
[1.143s] running install_egg_info
[1.144s] Copying ../../build/dist_to_obj_package/dist_to_obj_package.egg-info to /home/eeadmin/rosworkspaces/dist_to_obj_ws/install/dist_to_obj_package/lib/python3.10/site-packages/dist_to_obj_package-0.0.0-py3.10.egg-info
[1.145s] running install_scripts
[1.160s] Installing dist_to_obj_node script to /home/eeadmin/rosworkspaces/dist_to_obj_ws/install/dist_to_obj_package/lib/dist_to_obj_package
[1.161s] writing list of installed files to '/home/eeadmin/rosworkspaces/dist_to_obj_ws/build/dist_to_obj_package/install.log'
[1.183s] Invoked command in '/home/eeadmin/rosworkspaces/dist_to_obj_ws/src/dist_to_obj_package' returned '0': PS1=(myenv) \[\e]0;\u@\h: \w\a\]${debian_chroot:+($debian_chroot)}\[\033[01;32m\]\u@\h\[\033[00m\]:\[\033[01;34m\]\w\[\033[00m\]\$ PYTHONPATH=/home/eeadmin/rosworkspaces/dist_to_obj_ws/build/dist_to_obj_package/prefix_override:/home/eeadmin/rosworkspaces/dist_to_obj_ws/install/dist_to_obj_package/lib/python3.10/site-packages:${PYTHONPATH} VIRTUAL_ENV_PROMPT=(myenv) /usr/bin/python3 -W ignore:setup.py install is deprecated setup.py egg_info --egg-base ../../build/dist_to_obj_package build --build-base /home/eeadmin/rosworkspaces/dist_to_obj_ws/build/dist_to_obj_package/build install --record /home/eeadmin/rosworkspaces/dist_to_obj_ws/build/dist_to_obj_package/install.log --single-version-externally-managed install_data --force
