[0.073s] DEBUG:colcon:Command line arguments: ['/usr/bin/colcon', 'build']
[0.073s] DEBUG:colcon:Parsed command line arguments: Namespace(log_base=None, log_level=None, verb_name='build', build_base='build', install_base='install', merge_install=False, symlink_install=False, test_result_base=None, continue_on_error=False, executor='parallel', parallel_workers=16, event_handlers=None, ignore_user_meta=False, metas=['./colcon.meta'], base_paths=['.'], packages_ignore=None, packages_ignore_regex=None, paths=None, packages_up_to=None, packages_up_to_regex=None, packages_above=None, packages_above_and_dependencies=None, packages_above_depth=None, packages_select_by_dep=None, packages_skip_by_dep=None, packages_skip_up_to=None, packages_select_build_failed=False, packages_skip_build_finished=False, packages_select_test_failures=False, packages_skip_test_passed=False, packages_select=None, packages_skip=None, packages_select_regex=None, packages_skip_regex=None, packages_start=None, packages_end=None, allow_overriding=[], cmake_args=None, cmake_target=None, cmake_target_skip_unavailable=False, cmake_clean_cache=False, cmake_clean_first=False, cmake_force_configure=False, ament_cmake_args=None, catkin_cmake_args=None, catkin_skip_building_tests=False, verb_parser=<colcon_defaults.argument_parser.defaults.DefaultArgumentsDecorator object at 0x74971744c610>, verb_extension=<colcon_core.verb.build.BuildVerb object at 0x7497175651b0>, main=<bound method BuildVerb.main of <colcon_core.verb.build.BuildVerb object at 0x7497175651b0>>)
[0.191s] Level 1:colcon.colcon_core.package_discovery:discover_packages(colcon_meta) check parameters
[0.191s] Level 1:colcon.colcon_core.package_discovery:discover_packages(recursive) check parameters
[0.191s] Level 1:colcon.colcon_core.package_discovery:discover_packages(ignore) check parameters
[0.192s] Level 1:colcon.colcon_core.package_discovery:discover_packages(path) check parameters
[0.192s] Level 1:colcon.colcon_core.package_discovery:discover_packages(colcon_meta) discover
[0.192s] Level 1:colcon.colcon_core.package_discovery:discover_packages(recursive) discover
[0.192s] INFO:colcon.colcon_core.package_discovery:Crawling recursively for packages in '/home/eeadmin/rosworkspaces/sm_send_vel_ws'
[0.192s] Level 1:colcon.colcon_core.package_identification:_identify(.) by extensions ['ignore', 'ignore_ament_install']
[0.192s] Level 1:colcon.colcon_core.package_identification:_identify(.) by extension 'ignore'
[0.192s] Level 1:colcon.colcon_core.package_identification:_identify(.) by extension 'ignore_ament_install'
[0.192s] Level 1:colcon.colcon_core.package_identification:_identify(.) by extensions ['colcon_pkg']
[0.192s] Level 1:colcon.colcon_core.package_identification:_identify(.) by extension 'colcon_pkg'
[0.192s] Level 1:colcon.colcon_core.package_identification:_identify(.) by extensions ['colcon_meta']
[0.192s] Level 1:colcon.colcon_core.package_identification:_identify(.) by extension 'colcon_meta'
[0.192s] Level 1:colcon.colcon_core.package_identification:_identify(.) by extensions ['ros']
[0.192s] Level 1:colcon.colcon_core.package_identification:_identify(.) by extension 'ros'
[0.200s] Level 1:colcon.colcon_core.package_identification:_identify(.) by extensions ['cmake', 'python']
[0.200s] Level 1:colcon.colcon_core.package_identification:_identify(.) by extension 'cmake'
[0.200s] Level 1:colcon.colcon_core.package_identification:_identify(.) by extension 'python'
[0.200s] Level 1:colcon.colcon_core.package_identification:_identify(.) by extensions ['python_setup_py']
[0.200s] Level 1:colcon.colcon_core.package_identification:_identify(.) by extension 'python_setup_py'
[0.200s] Level 1:colcon.colcon_core.package_identification:_identify(build) by extensions ['ignore', 'ignore_ament_install']
[0.200s] Level 1:colcon.colcon_core.package_identification:_identify(build) by extension 'ignore'
[0.200s] Level 1:colcon.colcon_core.package_identification:_identify(build) ignored
[0.200s] Level 1:colcon.colcon_core.package_identification:_identify(install) by extensions ['ignore', 'ignore_ament_install']
[0.200s] Level 1:colcon.colcon_core.package_identification:_identify(install) by extension 'ignore'
[0.200s] Level 1:colcon.colcon_core.package_identification:_identify(install) ignored
[0.200s] Level 1:colcon.colcon_core.package_identification:_identify(log) by extensions ['ignore', 'ignore_ament_install']
[0.200s] Level 1:colcon.colcon_core.package_identification:_identify(log) by extension 'ignore'
[0.200s] Level 1:colcon.colcon_core.package_identification:_identify(log) ignored
[0.200s] Level 1:colcon.colcon_core.package_identification:_identify(src) by extensions ['ignore', 'ignore_ament_install']
[0.200s] Level 1:colcon.colcon_core.package_identification:_identify(src) by extension 'ignore'
[0.200s] Level 1:colcon.colcon_core.package_identification:_identify(src) by extension 'ignore_ament_install'
[0.200s] Level 1:colcon.colcon_core.package_identification:_identify(src) by extensions ['colcon_pkg']
[0.201s] Level 1:colcon.colcon_core.package_identification:_identify(src) by extension 'colcon_pkg'
[0.201s] Level 1:colcon.colcon_core.package_identification:_identify(src) by extensions ['colcon_meta']
[0.201s] Level 1:colcon.colcon_core.package_identification:_identify(src) by extension 'colcon_meta'
[0.201s] Level 1:colcon.colcon_core.package_identification:_identify(src) by extensions ['ros']
[0.201s] Level 1:colcon.colcon_core.package_identification:_identify(src) by extension 'ros'
[0.201s] Level 1:colcon.colcon_core.package_identification:_identify(src) by extensions ['cmake', 'python']
[0.201s] Level 1:colcon.colcon_core.package_identification:_identify(src) by extension 'cmake'
[0.201s] Level 1:colcon.colcon_core.package_identification:_identify(src) by extension 'python'
[0.201s] Level 1:colcon.colcon_core.package_identification:_identify(src) by extensions ['python_setup_py']
[0.201s] Level 1:colcon.colcon_core.package_identification:_identify(src) by extension 'python_setup_py'
[0.201s] Level 1:colcon.colcon_core.package_identification:_identify(src/send_vel_sm_package) by extensions ['ignore', 'ignore_ament_install']
[0.201s] Level 1:colcon.colcon_core.package_identification:_identify(src/send_vel_sm_package) by extension 'ignore'
[0.201s] Level 1:colcon.colcon_core.package_identification:_identify(src/send_vel_sm_package) by extension 'ignore_ament_install'
[0.201s] Level 1:colcon.colcon_core.package_identification:_identify(src/send_vel_sm_package) by extensions ['colcon_pkg']
[0.201s] Level 1:colcon.colcon_core.package_identification:_identify(src/send_vel_sm_package) by extension 'colcon_pkg'
[0.201s] Level 1:colcon.colcon_core.package_identification:_identify(src/send_vel_sm_package) by extensions ['colcon_meta']
[0.201s] Level 1:colcon.colcon_core.package_identification:_identify(src/send_vel_sm_package) by extension 'colcon_meta'
[0.201s] Level 1:colcon.colcon_core.package_identification:_identify(src/send_vel_sm_package) by extensions ['ros']
[0.201s] Level 1:colcon.colcon_core.package_identification:_identify(src/send_vel_sm_package) by extension 'ros'
[0.203s] DEBUG:colcon.colcon_core.package_identification:Package 'src/send_vel_sm_package' with type 'ros.ament_python' and name 'send_vel_sm_package'
[0.203s] Level 1:colcon.colcon_core.package_discovery:discover_packages(recursive) using defaults
[0.203s] Level 1:colcon.colcon_core.package_discovery:discover_packages(ignore) discover
[0.203s] Level 1:colcon.colcon_core.package_discovery:discover_packages(ignore) using defaults
[0.203s] Level 1:colcon.colcon_core.package_discovery:discover_packages(path) discover
[0.203s] Level 1:colcon.colcon_core.package_discovery:discover_packages(path) using defaults
[0.216s] Level 1:colcon.colcon_core.package_discovery:discover_packages(prefix_path) check parameters
[0.216s] Level 1:colcon.colcon_core.package_discovery:discover_packages(prefix_path) discover
[0.218s] DEBUG:colcon.colcon_installed_package_information.package_discovery:Found 270 installed packages in /opt/ros/humble
[0.226s] Level 1:colcon.colcon_core.package_discovery:discover_packages(prefix_path) using defaults
[0.252s] Level 5:colcon.colcon_core.verb:set package 'send_vel_sm_package' build argument 'cmake_args' from command line to 'None'
[0.252s] Level 5:colcon.colcon_core.verb:set package 'send_vel_sm_package' build argument 'cmake_target' from command line to 'None'
[0.252s] Level 5:colcon.colcon_core.verb:set package 'send_vel_sm_package' build argument 'cmake_target_skip_unavailable' from command line to 'False'
[0.252s] Level 5:colcon.colcon_core.verb:set package 'send_vel_sm_package' build argument 'cmake_clean_cache' from command line to 'False'
[0.252s] Level 5:colcon.colcon_core.verb:set package 'send_vel_sm_package' build argument 'cmake_clean_first' from command line to 'False'
[0.252s] Level 5:colcon.colcon_core.verb:set package 'send_vel_sm_package' build argument 'cmake_force_configure' from command line to 'False'
[0.252s] Level 5:colcon.colcon_core.verb:set package 'send_vel_sm_package' build argument 'ament_cmake_args' from command line to 'None'
[0.252s] Level 5:colcon.colcon_core.verb:set package 'send_vel_sm_package' build argument 'catkin_cmake_args' from command line to 'None'
[0.252s] Level 5:colcon.colcon_core.verb:set package 'send_vel_sm_package' build argument 'catkin_skip_building_tests' from command line to 'False'
[0.252s] DEBUG:colcon.colcon_core.verb:Building package 'send_vel_sm_package' with the following arguments: {'ament_cmake_args': None, 'build_base': '/home/eeadmin/rosworkspaces/sm_send_vel_ws/build/send_vel_sm_package', 'catkin_cmake_args': None, 'catkin_skip_building_tests': False, 'cmake_args': None, 'cmake_clean_cache': False, 'cmake_clean_first': False, 'cmake_force_configure': False, 'cmake_target': None, 'cmake_target_skip_unavailable': False, 'install_base': '/home/eeadmin/rosworkspaces/sm_send_vel_ws/install/send_vel_sm_package', 'merge_install': False, 'path': '/home/eeadmin/rosworkspaces/sm_send_vel_ws/src/send_vel_sm_package', 'symlink_install': False, 'test_result_base': None}
[0.252s] INFO:colcon.colcon_core.executor:Executing jobs using 'parallel' executor
[0.253s] DEBUG:colcon.colcon_parallel_executor.executor.parallel:run_until_complete
[0.253s] INFO:colcon.colcon_ros.task.ament_python.build:Building ROS package in '/home/eeadmin/rosworkspaces/sm_send_vel_ws/src/send_vel_sm_package' with build type 'ament_python'
[0.253s] Level 1:colcon.colcon_core.shell:create_environment_hook('send_vel_sm_package', 'ament_prefix_path')
[0.255s] INFO:colcon.colcon_core.plugin_system:Skipping extension 'colcon_core.shell.bat': Not used on non-Windows systems
[0.255s] INFO:colcon.colcon_core.shell:Creating environment hook '/home/eeadmin/rosworkspaces/sm_send_vel_ws/install/send_vel_sm_package/share/send_vel_sm_package/hook/ament_prefix_path.ps1'
[0.255s] INFO:colcon.colcon_core.shell:Creating environment descriptor '/home/eeadmin/rosworkspaces/sm_send_vel_ws/install/send_vel_sm_package/share/send_vel_sm_package/hook/ament_prefix_path.dsv'
[0.256s] INFO:colcon.colcon_core.shell:Creating environment hook '/home/eeadmin/rosworkspaces/sm_send_vel_ws/install/send_vel_sm_package/share/send_vel_sm_package/hook/ament_prefix_path.sh'
[0.256s] INFO:colcon.colcon_core.shell:Skip shell extension 'powershell' for command environment: Not usable outside of PowerShell
[0.256s] DEBUG:colcon.colcon_core.shell:Skip shell extension 'dsv' for command environment
[0.436s] INFO:colcon.colcon_core.task.python.build:Building Python package in '/home/eeadmin/rosworkspaces/sm_send_vel_ws/src/send_vel_sm_package'
[0.437s] INFO:colcon.colcon_core.shell:Skip shell extension 'powershell' for command environment: Not usable outside of PowerShell
[0.437s] DEBUG:colcon.colcon_core.shell:Skip shell extension 'dsv' for command environment
[0.708s] DEBUG:colcon.colcon_core.event_handler.log_command:Invoking command in '/home/eeadmin/rosworkspaces/sm_send_vel_ws/src/send_vel_sm_package': PYTHONPATH=/home/eeadmin/rosworkspaces/sm_send_vel_ws/build/send_vel_sm_package/prefix_override:/home/eeadmin/rosworkspaces/sm_send_vel_ws/install/send_vel_sm_package/lib/python3.10/site-packages:${PYTHONPATH} /usr/bin/python3 -W ignore:setup.py install is deprecated setup.py egg_info --egg-base ../../build/send_vel_sm_package build --build-base /home/eeadmin/rosworkspaces/sm_send_vel_ws/build/send_vel_sm_package/build install --record /home/eeadmin/rosworkspaces/sm_send_vel_ws/build/send_vel_sm_package/install.log --single-version-externally-managed install_data
[0.915s] DEBUG:colcon.colcon_core.event_handler.log_command:Invoked command in '/home/eeadmin/rosworkspaces/sm_send_vel_ws/src/send_vel_sm_package' returned '0': PYTHONPATH=/home/eeadmin/rosworkspaces/sm_send_vel_ws/build/send_vel_sm_package/prefix_override:/home/eeadmin/rosworkspaces/sm_send_vel_ws/install/send_vel_sm_package/lib/python3.10/site-packages:${PYTHONPATH} /usr/bin/python3 -W ignore:setup.py install is deprecated setup.py egg_info --egg-base ../../build/send_vel_sm_package build --build-base /home/eeadmin/rosworkspaces/sm_send_vel_ws/build/send_vel_sm_package/build install --record /home/eeadmin/rosworkspaces/sm_send_vel_ws/build/send_vel_sm_package/install.log --single-version-externally-managed install_data
[0.917s] Level 1:colcon.colcon_core.environment:checking '/home/eeadmin/rosworkspaces/sm_send_vel_ws/install/send_vel_sm_package' for CMake module files
[0.917s] Level 1:colcon.colcon_core.environment:checking '/home/eeadmin/rosworkspaces/sm_send_vel_ws/install/send_vel_sm_package' for CMake config files
[0.918s] Level 1:colcon.colcon_core.environment:checking '/home/eeadmin/rosworkspaces/sm_send_vel_ws/install/send_vel_sm_package/lib'
[0.918s] Level 1:colcon.colcon_core.environment:checking '/home/eeadmin/rosworkspaces/sm_send_vel_ws/install/send_vel_sm_package/bin'
[0.918s] Level 1:colcon.colcon_core.environment:checking '/home/eeadmin/rosworkspaces/sm_send_vel_ws/install/send_vel_sm_package/lib/pkgconfig/send_vel_sm_package.pc'
[0.918s] Level 1:colcon.colcon_core.environment:checking '/home/eeadmin/rosworkspaces/sm_send_vel_ws/install/send_vel_sm_package/lib/python3.10/site-packages'
[0.918s] Level 1:colcon.colcon_core.shell:create_environment_hook('send_vel_sm_package', 'pythonpath')
[0.918s] INFO:colcon.colcon_core.shell:Creating environment hook '/home/eeadmin/rosworkspaces/sm_send_vel_ws/install/send_vel_sm_package/share/send_vel_sm_package/hook/pythonpath.ps1'
[0.919s] INFO:colcon.colcon_core.shell:Creating environment descriptor '/home/eeadmin/rosworkspaces/sm_send_vel_ws/install/send_vel_sm_package/share/send_vel_sm_package/hook/pythonpath.dsv'
[0.919s] INFO:colcon.colcon_core.shell:Creating environment hook '/home/eeadmin/rosworkspaces/sm_send_vel_ws/install/send_vel_sm_package/share/send_vel_sm_package/hook/pythonpath.sh'
[0.919s] Level 1:colcon.colcon_core.environment:checking '/home/eeadmin/rosworkspaces/sm_send_vel_ws/install/send_vel_sm_package/bin'
[0.919s] Level 1:colcon.colcon_core.environment:create_environment_scripts_only(send_vel_sm_package)
[0.920s] INFO:colcon.colcon_core.shell:Creating package script '/home/eeadmin/rosworkspaces/sm_send_vel_ws/install/send_vel_sm_package/share/send_vel_sm_package/package.ps1'
[0.920s] INFO:colcon.colcon_core.shell:Creating package descriptor '/home/eeadmin/rosworkspaces/sm_send_vel_ws/install/send_vel_sm_package/share/send_vel_sm_package/package.dsv'
[0.920s] INFO:colcon.colcon_core.shell:Creating package script '/home/eeadmin/rosworkspaces/sm_send_vel_ws/install/send_vel_sm_package/share/send_vel_sm_package/package.sh'
[0.921s] INFO:colcon.colcon_core.shell:Creating package script '/home/eeadmin/rosworkspaces/sm_send_vel_ws/install/send_vel_sm_package/share/send_vel_sm_package/package.bash'
[0.921s] INFO:colcon.colcon_core.shell:Creating package script '/home/eeadmin/rosworkspaces/sm_send_vel_ws/install/send_vel_sm_package/share/send_vel_sm_package/package.zsh'
[0.922s] Level 1:colcon.colcon_core.environment:create_file_with_runtime_dependencies(/home/eeadmin/rosworkspaces/sm_send_vel_ws/install/send_vel_sm_package/share/colcon-core/packages/send_vel_sm_package)
[0.922s] DEBUG:colcon.colcon_parallel_executor.executor.parallel:closing loop
[0.922s] DEBUG:colcon.colcon_parallel_executor.executor.parallel:loop closed
[0.922s] DEBUG:colcon.colcon_parallel_executor.executor.parallel:run_until_complete finished with '0'
[0.922s] DEBUG:colcon.colcon_core.event_reactor:joining thread
[0.926s] INFO:colcon.colcon_core.plugin_system:Skipping extension 'colcon_notification.desktop_notification.terminal_notifier': Not used on non-Darwin systems
[0.926s] INFO:colcon.colcon_core.plugin_system:Skipping extension 'colcon_notification.desktop_notification.win32': Not used on non-Windows systems
[0.926s] INFO:colcon.colcon_notification.desktop_notification:Sending desktop notification using 'notify2'
[0.939s] DEBUG:colcon.colcon_core.event_reactor:joined thread
[0.939s] INFO:colcon.colcon_core.shell:Creating prefix script '/home/eeadmin/rosworkspaces/sm_send_vel_ws/install/local_setup.ps1'
[0.940s] INFO:colcon.colcon_core.shell:Creating prefix util module '/home/eeadmin/rosworkspaces/sm_send_vel_ws/install/_local_setup_util_ps1.py'
[0.941s] INFO:colcon.colcon_core.shell:Creating prefix chain script '/home/eeadmin/rosworkspaces/sm_send_vel_ws/install/setup.ps1'
[0.942s] INFO:colcon.colcon_core.shell:Creating prefix script '/home/eeadmin/rosworkspaces/sm_send_vel_ws/install/local_setup.sh'
[0.942s] INFO:colcon.colcon_core.shell:Creating prefix util module '/home/eeadmin/rosworkspaces/sm_send_vel_ws/install/_local_setup_util_sh.py'
[0.943s] INFO:colcon.colcon_core.shell:Creating prefix chain script '/home/eeadmin/rosworkspaces/sm_send_vel_ws/install/setup.sh'
[0.943s] INFO:colcon.colcon_core.shell:Creating prefix script '/home/eeadmin/rosworkspaces/sm_send_vel_ws/install/local_setup.bash'
[0.944s] INFO:colcon.colcon_core.shell:Creating prefix chain script '/home/eeadmin/rosworkspaces/sm_send_vel_ws/install/setup.bash'
[0.944s] INFO:colcon.colcon_core.shell:Creating prefix script '/home/eeadmin/rosworkspaces/sm_send_vel_ws/install/local_setup.zsh'
[0.945s] INFO:colcon.colcon_core.shell:Creating prefix chain script '/home/eeadmin/rosworkspaces/sm_send_vel_ws/install/setup.zsh'
