[0.460s] Invoking command in '/home/eeadmin/rosworkspaces/dist_to_obj_ws/src/dist_to_obj_package': PS1=(venv) \[\e]0;\u@\h: \w\a\]${debian_chroot:+($debian_chroot)}\[\033[01;32m\]\u@\h\[\033[00m\]:\[\033[01;34m\]\w\[\033[00m\]\$ PYTHONPATH=/home/eeadmin/rosworkspaces/dist_to_obj_ws/build/dist_to_obj_package/prefix_override:/home/eeadmin/rosworkspaces/dist_to_obj_ws/install/dist_to_obj_package/lib/python3.10/site-packages:${PYTHONPATH} /usr/bin/python3 -W ignore:setup.py install is deprecated setup.py egg_info --egg-base ../../build/dist_to_obj_package build --build-base /home/eeadmin/rosworkspaces/dist_to_obj_ws/build/dist_to_obj_package/build install --record /home/eeadmin/rosworkspaces/dist_to_obj_ws/build/dist_to_obj_package/install.log --single-version-externally-managed install_data
[0.620s] running egg_info
[0.621s] writing ../../build/dist_to_obj_package/dist_to_obj_package.egg-info/PKG-INFO
[0.621s] writing dependency_links to ../../build/dist_to_obj_package/dist_to_obj_package.egg-info/dependency_links.txt
[0.621s] writing entry points to ../../build/dist_to_obj_package/dist_to_obj_package.egg-info/entry_points.txt
[0.621s] writing requirements to ../../build/dist_to_obj_package/dist_to_obj_package.egg-info/requires.txt
[0.621s] writing top-level names to ../../build/dist_to_obj_package/dist_to_obj_package.egg-info/top_level.txt
[0.622s] reading manifest file '../../build/dist_to_obj_package/dist_to_obj_package.egg-info/SOURCES.txt'
[0.623s] adding license file 'LICENSE'
[0.623s] writing manifest file '../../build/dist_to_obj_package/dist_to_obj_package.egg-info/SOURCES.txt'
[0.623s] running build
[0.623s] running build_py
[0.624s] running install
[0.624s] running install_lib
[0.625s] running install_data
[0.625s] running install_egg_info
[0.626s] removing '/home/eeadmin/rosworkspaces/dist_to_obj_ws/install/dist_to_obj_package/lib/python3.10/site-packages/dist_to_obj_package-0.0.0-py3.10.egg-info' (and everything under it)
[0.626s] Copying ../../build/dist_to_obj_package/dist_to_obj_package.egg-info to /home/eeadmin/rosworkspaces/dist_to_obj_ws/install/dist_to_obj_package/lib/python3.10/site-packages/dist_to_obj_package-0.0.0-py3.10.egg-info
[0.627s] running install_scripts
[0.642s] Installing dist_to_obj_node script to /home/eeadmin/rosworkspaces/dist_to_obj_ws/install/dist_to_obj_package/lib/dist_to_obj_package
[0.642s] writing list of installed files to '/home/eeadmin/rosworkspaces/dist_to_obj_ws/build/dist_to_obj_package/install.log'
[0.657s] Invoked command in '/home/eeadmin/rosworkspaces/dist_to_obj_ws/src/dist_to_obj_package' returned '0': PS1=(venv) \[\e]0;\u@\h: \w\a\]${debian_chroot:+($debian_chroot)}\[\033[01;32m\]\u@\h\[\033[00m\]:\[\033[01;34m\]\w\[\033[00m\]\$ PYTHONPATH=/home/eeadmin/rosworkspaces/dist_to_obj_ws/build/dist_to_obj_package/prefix_override:/home/eeadmin/rosworkspaces/dist_to_obj_ws/install/dist_to_obj_package/lib/python3.10/site-packages:${PYTHONPATH} /usr/bin/python3 -W ignore:setup.py install is deprecated setup.py egg_info --egg-base ../../build/dist_to_obj_package build --build-base /home/eeadmin/rosworkspaces/dist_to_obj_ws/build/dist_to_obj_package/build install --record /home/eeadmin/rosworkspaces/dist_to_obj_ws/build/dist_to_obj_package/install.log --single-version-externally-managed install_data
