running egg_info
writing ../../build/send_vel_sm_package/send_vel_sm_package.egg-info/PKG-INFO
writing dependency_links to ../../build/send_vel_sm_package/send_vel_sm_package.egg-info/dependency_links.txt
writing entry points to ../../build/send_vel_sm_package/send_vel_sm_package.egg-info/entry_points.txt
writing requirements to ../../build/send_vel_sm_package/send_vel_sm_package.egg-info/requires.txt
writing top-level names to ../../build/send_vel_sm_package/send_vel_sm_package.egg-info/top_level.txt
reading manifest file '../../build/send_vel_sm_package/send_vel_sm_package.egg-info/SOURCES.txt'
adding license file 'LICENSE'
writing manifest file '../../build/send_vel_sm_package/send_vel_sm_package.egg-info/SOURCES.txt'
running build
running build_py
copying send_vel_sm_package/simple_sm_submodule/simple_sm.py -> /home/eeadmin/rosworkspaces/sm_send_vel_ws/build/send_vel_sm_package/build/lib/send_vel_sm_package/simple_sm_submodule
running install
running install_lib
copying /home/eeadmin/rosworkspaces/sm_send_vel_ws/build/send_vel_sm_package/build/lib/send_vel_sm_package/simple_sm_submodule/simple_sm.py -> /home/eeadmin/rosworkspaces/sm_send_vel_ws/install/send_vel_sm_package/lib/python3.10/site-packages/send_vel_sm_package/simple_sm_submodule
byte-compiling /home/eeadmin/rosworkspaces/sm_send_vel_ws/install/send_vel_sm_package/lib/python3.10/site-packages/send_vel_sm_package/simple_sm_submodule/simple_sm.py to simple_sm.cpython-310.pyc
running install_data
running install_egg_info
removing '/home/eeadmin/rosworkspaces/sm_send_vel_ws/install/send_vel_sm_package/lib/python3.10/site-packages/send_vel_sm_package-0.0.0-py3.10.egg-info' (and everything under it)
Copying ../../build/send_vel_sm_package/send_vel_sm_package.egg-info to /home/eeadmin/rosworkspaces/sm_send_vel_ws/install/send_vel_sm_package/lib/python3.10/site-packages/send_vel_sm_package-0.0.0-py3.10.egg-info
running install_scripts
Installing send_vel_sm_node script to /home/eeadmin/rosworkspaces/sm_send_vel_ws/install/send_vel_sm_package/lib/send_vel_sm_package
writing list of installed files to '/home/eeadmin/rosworkspaces/sm_send_vel_ws/build/send_vel_sm_package/install.log'
