[0.641s] Invoking command in '/home/eeadmin/rosworkspaces/dist_to_obj_ws/src/dist_to_obj_package': PYTHONPATH=/home/eeadmin/rosworkspaces/dist_to_obj_ws/build/dist_to_obj_package/prefix_override:/home/eeadmin/rosworkspaces/dist_to_obj_ws/install/dist_to_obj_package/lib/python3.10/site-packages:${PYTHONPATH} /usr/bin/python3 -W ignore:setup.py install is deprecated setup.py egg_info --egg-base ../../build/dist_to_obj_package build --build-base /home/eeadmin/rosworkspaces/dist_to_obj_ws/build/dist_to_obj_package/build install --record /home/eeadmin/rosworkspaces/dist_to_obj_ws/build/dist_to_obj_package/install.log --single-version-externally-managed install_data
[0.806s] running egg_info
[0.807s] writing ../../build/dist_to_obj_package/dist_to_obj_package.egg-info/PKG-INFO
[0.807s] writing dependency_links to ../../build/dist_to_obj_package/dist_to_obj_package.egg-info/dependency_links.txt
[0.807s] writing entry points to ../../build/dist_to_obj_package/dist_to_obj_package.egg-info/entry_points.txt
[0.807s] writing requirements to ../../build/dist_to_obj_package/dist_to_obj_package.egg-info/requires.txt
[0.807s] writing top-level names to ../../build/dist_to_obj_package/dist_to_obj_package.egg-info/top_level.txt
[0.809s] reading manifest file '../../build/dist_to_obj_package/dist_to_obj_package.egg-info/SOURCES.txt'
[0.809s] adding license file 'LICENSE'
[0.809s] writing manifest file '../../build/dist_to_obj_package/dist_to_obj_package.egg-info/SOURCES.txt'
[0.809s] running build
[0.809s] running build_py
[0.810s] copying dist_to_obj_package/object_detection_submodule/object_detection.py -> /home/eeadmin/rosworkspaces/dist_to_obj_ws/build/dist_to_obj_package/build/lib/dist_to_obj_package/object_detection_submodule
[0.810s] running install
[0.810s] running install_lib
[0.811s] copying /home/eeadmin/rosworkspaces/dist_to_obj_ws/build/dist_to_obj_package/build/lib/dist_to_obj_package/object_detection_submodule/object_detection.py -> /home/eeadmin/rosworkspaces/dist_to_obj_ws/install/dist_to_obj_package/lib/python3.10/site-packages/dist_to_obj_package/object_detection_submodule
[0.811s] byte-compiling /home/eeadmin/rosworkspaces/dist_to_obj_ws/install/dist_to_obj_package/lib/python3.10/site-packages/dist_to_obj_package/object_detection_submodule/object_detection.py to object_detection.cpython-310.pyc
[0.812s] running install_data
[0.812s] running install_egg_info
[0.813s] removing '/home/eeadmin/rosworkspaces/dist_to_obj_ws/install/dist_to_obj_package/lib/python3.10/site-packages/dist_to_obj_package-0.0.0-py3.10.egg-info' (and everything under it)
[0.813s] Copying ../../build/dist_to_obj_package/dist_to_obj_package.egg-info to /home/eeadmin/rosworkspaces/dist_to_obj_ws/install/dist_to_obj_package/lib/python3.10/site-packages/dist_to_obj_package-0.0.0-py3.10.egg-info
[0.814s] running install_scripts
[0.830s] Installing dist_to_obj_node script to /home/eeadmin/rosworkspaces/dist_to_obj_ws/install/dist_to_obj_package/lib/dist_to_obj_package
[0.830s] writing list of installed files to '/home/eeadmin/rosworkspaces/dist_to_obj_ws/build/dist_to_obj_package/install.log'
[0.851s] Invoked command in '/home/eeadmin/rosworkspaces/dist_to_obj_ws/src/dist_to_obj_package' returned '0': PYTHONPATH=/home/eeadmin/rosworkspaces/dist_to_obj_ws/build/dist_to_obj_package/prefix_override:/home/eeadmin/rosworkspaces/dist_to_obj_ws/install/dist_to_obj_package/lib/python3.10/site-packages:${PYTHONPATH} /usr/bin/python3 -W ignore:setup.py install is deprecated setup.py egg_info --egg-base ../../build/dist_to_obj_package build --build-base /home/eeadmin/rosworkspaces/dist_to_obj_ws/build/dist_to_obj_package/build install --record /home/eeadmin/rosworkspaces/dist_to_obj_ws/build/dist_to_obj_package/install.log --single-version-externally-managed install_data
