[0.802s] Invoking command in '/home/eeadmin/rosworkspaces/controlled_stop_ws/src/controlled_stop_pkg': PYTHONPATH=/home/eeadmin/rosworkspaces/controlled_stop_ws/build/controlled_stop_pkg/prefix_override:/home/eeadmin/rosworkspaces/controlled_stop_ws/install/controlled_stop_pkg/lib/python3.10/site-packages:${PYTHONPATH} /usr/bin/python3 -W ignore:setup.py install is deprecated setup.py egg_info --egg-base ../../build/controlled_stop_pkg build --build-base /home/eeadmin/rosworkspaces/controlled_stop_ws/build/controlled_stop_pkg/build install --record /home/eeadmin/rosworkspaces/controlled_stop_ws/build/controlled_stop_pkg/install.log --single-version-externally-managed install_data
[1.076s] running egg_info
[1.077s] writing ../../build/controlled_stop_pkg/controlled_stop_pkg.egg-info/PKG-INFO
[1.077s] writing dependency_links to ../../build/controlled_stop_pkg/controlled_stop_pkg.egg-info/dependency_links.txt
[1.077s] writing entry points to ../../build/controlled_stop_pkg/controlled_stop_pkg.egg-info/entry_points.txt
[1.077s] writing requirements to ../../build/controlled_stop_pkg/controlled_stop_pkg.egg-info/requires.txt
[1.078s] writing top-level names to ../../build/controlled_stop_pkg/controlled_stop_pkg.egg-info/top_level.txt
[1.080s] reading manifest file '../../build/controlled_stop_pkg/controlled_stop_pkg.egg-info/SOURCES.txt'
[1.080s] adding license file 'LICENSE'
[1.081s] writing manifest file '../../build/controlled_stop_pkg/controlled_stop_pkg.egg-info/SOURCES.txt'
[1.081s] running build
[1.081s] running build_py
[1.082s] copying controlled_stop_pkg/controlled_stop_node.py -> /home/eeadmin/rosworkspaces/controlled_stop_ws/build/controlled_stop_pkg/build/lib/controlled_stop_pkg
[1.082s] running install
[1.083s] running install_lib
[1.084s] copying /home/eeadmin/rosworkspaces/controlled_stop_ws/build/controlled_stop_pkg/build/lib/controlled_stop_pkg/controlled_stop_node.py -> /home/eeadmin/rosworkspaces/controlled_stop_ws/install/controlled_stop_pkg/lib/python3.10/site-packages/controlled_stop_pkg
[1.085s] byte-compiling /home/eeadmin/rosworkspaces/controlled_stop_ws/install/controlled_stop_pkg/lib/python3.10/site-packages/controlled_stop_pkg/controlled_stop_node.py to controlled_stop_node.cpython-310.pyc
[1.086s] running install_data
[1.086s] running install_egg_info
[1.088s] removing '/home/eeadmin/rosworkspaces/controlled_stop_ws/install/controlled_stop_pkg/lib/python3.10/site-packages/controlled_stop_pkg-0.0.0-py3.10.egg-info' (and everything under it)
[1.090s] Copying ../../build/controlled_stop_pkg/controlled_stop_pkg.egg-info to /home/eeadmin/rosworkspaces/controlled_stop_ws/install/controlled_stop_pkg/lib/python3.10/site-packages/controlled_stop_pkg-0.0.0-py3.10.egg-info
[1.091s] running install_scripts
[1.119s] Installing controlled_stop_node script to /home/eeadmin/rosworkspaces/controlled_stop_ws/install/controlled_stop_pkg/lib/controlled_stop_pkg
[1.119s] writing list of installed files to '/home/eeadmin/rosworkspaces/controlled_stop_ws/build/controlled_stop_pkg/install.log'
[1.159s] Invoked command in '/home/eeadmin/rosworkspaces/controlled_stop_ws/src/controlled_stop_pkg' returned '0': PYTHONPATH=/home/eeadmin/rosworkspaces/controlled_stop_ws/build/controlled_stop_pkg/prefix_override:/home/eeadmin/rosworkspaces/controlled_stop_ws/install/controlled_stop_pkg/lib/python3.10/site-packages:${PYTHONPATH} /usr/bin/python3 -W ignore:setup.py install is deprecated setup.py egg_info --egg-base ../../build/controlled_stop_pkg build --build-base /home/eeadmin/rosworkspaces/controlled_stop_ws/build/controlled_stop_pkg/build install --record /home/eeadmin/rosworkspaces/controlled_stop_ws/build/controlled_stop_pkg/install.log --single-version-externally-managed install_data
