[0.452s] Invoking command in '/home/eeadmin/selfdrive/ros2/StateMachines/stopAndgo_sm/sm_send_vel_ws/src/send_vel_sm_package': PYTHONPATH=/home/eeadmin/selfdrive/ros2/StateMachines/stopAndgo_sm/sm_send_vel_ws/build/send_vel_sm_package/prefix_override:/home/eeadmin/selfdrive/ros2/StateMachines/stopAndgo_sm/sm_send_vel_ws/install/send_vel_sm_package/lib/python3.10/site-packages:${PYTHONPATH} /usr/bin/python3 -W ignore:setup.py install is deprecated setup.py egg_info --egg-base ../../build/send_vel_sm_package build --build-base /home/eeadmin/selfdrive/ros2/StateMachines/stopAndgo_sm/sm_send_vel_ws/build/send_vel_sm_package/build install --record /home/eeadmin/selfdrive/ros2/StateMachines/stopAndgo_sm/sm_send_vel_ws/build/send_vel_sm_package/install.log --single-version-externally-managed install_data
[0.618s] running egg_info
[0.618s] writing ../../build/send_vel_sm_package/send_vel_sm_package.egg-info/PKG-INFO
[0.618s] writing dependency_links to ../../build/send_vel_sm_package/send_vel_sm_package.egg-info/dependency_links.txt
[0.619s] writing entry points to ../../build/send_vel_sm_package/send_vel_sm_package.egg-info/entry_points.txt
[0.619s] writing requirements to ../../build/send_vel_sm_package/send_vel_sm_package.egg-info/requires.txt
[0.619s] writing top-level names to ../../build/send_vel_sm_package/send_vel_sm_package.egg-info/top_level.txt
[0.620s] reading manifest file '../../build/send_vel_sm_package/send_vel_sm_package.egg-info/SOURCES.txt'
[0.620s] adding license file 'LICENSE'
[0.621s] writing manifest file '../../build/send_vel_sm_package/send_vel_sm_package.egg-info/SOURCES.txt'
[0.621s] running build
[0.621s] running build_py
[0.621s] running install
[0.621s] running install_lib
[0.622s] running install_data
[0.622s] running install_egg_info
[0.623s] removing '/home/eeadmin/selfdrive/ros2/StateMachines/stopAndgo_sm/sm_send_vel_ws/install/send_vel_sm_package/lib/python3.10/site-packages/send_vel_sm_package-0.0.0-py3.10.egg-info' (and everything under it)
[0.624s] Copying ../../build/send_vel_sm_package/send_vel_sm_package.egg-info to /home/eeadmin/selfdrive/ros2/StateMachines/stopAndgo_sm/sm_send_vel_ws/install/send_vel_sm_package/lib/python3.10/site-packages/send_vel_sm_package-0.0.0-py3.10.egg-info
[0.624s] running install_scripts
[0.639s] Installing send_vel_sm_node script to /home/eeadmin/selfdrive/ros2/StateMachines/stopAndgo_sm/sm_send_vel_ws/install/send_vel_sm_package/lib/send_vel_sm_package
[0.639s] writing list of installed files to '/home/eeadmin/selfdrive/ros2/StateMachines/stopAndgo_sm/sm_send_vel_ws/build/send_vel_sm_package/install.log'
[0.658s] Invoked command in '/home/eeadmin/selfdrive/ros2/StateMachines/stopAndgo_sm/sm_send_vel_ws/src/send_vel_sm_package' returned '0': PYTHONPATH=/home/eeadmin/selfdrive/ros2/StateMachines/stopAndgo_sm/sm_send_vel_ws/build/send_vel_sm_package/prefix_override:/home/eeadmin/selfdrive/ros2/StateMachines/stopAndgo_sm/sm_send_vel_ws/install/send_vel_sm_package/lib/python3.10/site-packages:${PYTHONPATH} /usr/bin/python3 -W ignore:setup.py install is deprecated setup.py egg_info --egg-base ../../build/send_vel_sm_package build --build-base /home/eeadmin/selfdrive/ros2/StateMachines/stopAndgo_sm/sm_send_vel_ws/build/send_vel_sm_package/build install --record /home/eeadmin/selfdrive/ros2/StateMachines/stopAndgo_sm/sm_send_vel_ws/build/send_vel_sm_package/install.log --single-version-externally-managed install_data
