[0.443s] Invoking command in '/home/eeadmin/rosworkspaces/sm_send_vel_ws/src/send_vel_sm_package': PYTHONPATH=/home/eeadmin/rosworkspaces/sm_send_vel_ws/build/send_vel_sm_package/prefix_override:/home/eeadmin/rosworkspaces/sm_send_vel_ws/install/send_vel_sm_package/lib/python3.10/site-packages:${PYTHONPATH} /usr/bin/python3 -W ignore:setup.py install is deprecated setup.py egg_info --egg-base ../../build/send_vel_sm_package build --build-base /home/eeadmin/rosworkspaces/sm_send_vel_ws/build/send_vel_sm_package/build install --record /home/eeadmin/rosworkspaces/sm_send_vel_ws/build/send_vel_sm_package/install.log --single-version-externally-managed install_data
[0.607s] running egg_info
[0.608s] writing ../../build/send_vel_sm_package/send_vel_sm_package.egg-info/PKG-INFO
[0.608s] writing dependency_links to ../../build/send_vel_sm_package/send_vel_sm_package.egg-info/dependency_links.txt
[0.608s] writing entry points to ../../build/send_vel_sm_package/send_vel_sm_package.egg-info/entry_points.txt
[0.608s] writing requirements to ../../build/send_vel_sm_package/send_vel_sm_package.egg-info/requires.txt
[0.608s] writing top-level names to ../../build/send_vel_sm_package/send_vel_sm_package.egg-info/top_level.txt
[0.610s] reading manifest file '../../build/send_vel_sm_package/send_vel_sm_package.egg-info/SOURCES.txt'
[0.610s] adding license file 'LICENSE'
[0.610s] writing manifest file '../../build/send_vel_sm_package/send_vel_sm_package.egg-info/SOURCES.txt'
[0.610s] running build
[0.610s] running build_py
[0.610s] copying send_vel_sm_package/send_vel_sm_node.py -> /home/eeadmin/rosworkspaces/sm_send_vel_ws/build/send_vel_sm_package/build/lib/send_vel_sm_package
[0.611s] running install
[0.611s] running install_lib
[0.611s] copying /home/eeadmin/rosworkspaces/sm_send_vel_ws/build/send_vel_sm_package/build/lib/send_vel_sm_package/send_vel_sm_node.py -> /home/eeadmin/rosworkspaces/sm_send_vel_ws/install/send_vel_sm_package/lib/python3.10/site-packages/send_vel_sm_package
[0.612s] byte-compiling /home/eeadmin/rosworkspaces/sm_send_vel_ws/install/send_vel_sm_package/lib/python3.10/site-packages/send_vel_sm_package/send_vel_sm_node.py to send_vel_sm_node.cpython-310.pyc
[0.612s] running install_data
[0.613s] running install_egg_info
[0.614s] removing '/home/eeadmin/rosworkspaces/sm_send_vel_ws/install/send_vel_sm_package/lib/python3.10/site-packages/send_vel_sm_package-0.0.0-py3.10.egg-info' (and everything under it)
[0.614s] Copying ../../build/send_vel_sm_package/send_vel_sm_package.egg-info to /home/eeadmin/rosworkspaces/sm_send_vel_ws/install/send_vel_sm_package/lib/python3.10/site-packages/send_vel_sm_package-0.0.0-py3.10.egg-info
[0.615s] running install_scripts
[0.630s] Installing send_vel_sm_node script to /home/eeadmin/rosworkspaces/sm_send_vel_ws/install/send_vel_sm_package/lib/send_vel_sm_package
[0.630s] writing list of installed files to '/home/eeadmin/rosworkspaces/sm_send_vel_ws/build/send_vel_sm_package/install.log'
[0.651s] Invoked command in '/home/eeadmin/rosworkspaces/sm_send_vel_ws/src/send_vel_sm_package' returned '0': PYTHONPATH=/home/eeadmin/rosworkspaces/sm_send_vel_ws/build/send_vel_sm_package/prefix_override:/home/eeadmin/rosworkspaces/sm_send_vel_ws/install/send_vel_sm_package/lib/python3.10/site-packages:${PYTHONPATH} /usr/bin/python3 -W ignore:setup.py install is deprecated setup.py egg_info --egg-base ../../build/send_vel_sm_package build --build-base /home/eeadmin/rosworkspaces/sm_send_vel_ws/build/send_vel_sm_package/build install --record /home/eeadmin/rosworkspaces/sm_send_vel_ws/build/send_vel_sm_package/install.log --single-version-externally-managed install_data
