[0.750s] DEBUG:colcon:Command line arguments: ['/usr/bin/colcon', 'build']
[0.751s] DEBUG:colcon:Parsed command line arguments: Namespace(log_base=None, log_level=None, verb_name='build', build_base='build', install_base='install', merge_install=False, symlink_install=False, test_result_base=None, continue_on_error=False, executor='parallel', parallel_workers=16, event_handlers=None, ignore_user_meta=False, metas=['./colcon.meta'], base_paths=['.'], packages_ignore=None, packages_ignore_regex=None, paths=None, packages_up_to=None, packages_up_to_regex=None, packages_above=None, packages_above_and_dependencies=None, packages_above_depth=None, packages_select_by_dep=None, packages_skip_by_dep=None, packages_skip_up_to=None, packages_select_build_failed=False, packages_skip_build_finished=False, packages_select_test_failures=False, packages_skip_test_passed=False, packages_select=None, packages_skip=None, packages_select_regex=None, packages_skip_regex=None, packages_start=None, packages_end=None, allow_overriding=[], cmake_args=None, cmake_target=None, cmake_target_skip_unavailable=False, cmake_clean_cache=False, cmake_clean_first=False, cmake_force_configure=False, ament_cmake_args=None, catkin_cmake_args=None, catkin_skip_building_tests=False, verb_parser=<colcon_defaults.argument_parser.defaults.DefaultArgumentsDecorator object at 0x7051503eb220>, verb_extension=<colcon_core.verb.build.BuildVerb object at 0x7051508473a0>, main=<bound method BuildVerb.main of <colcon_core.verb.build.BuildVerb object at 0x7051508473a0>>)
[0.787s] Level 1:colcon.colcon_core.package_discovery:discover_packages(colcon_meta) check parameters
[0.787s] Level 1:colcon.colcon_core.package_discovery:discover_packages(recursive) check parameters
[0.787s] Level 1:colcon.colcon_core.package_discovery:discover_packages(ignore) check parameters
[0.787s] Level 1:colcon.colcon_core.package_discovery:discover_packages(path) check parameters
[0.787s] Level 1:colcon.colcon_core.package_discovery:discover_packages(colcon_meta) discover
[0.787s] Level 1:colcon.colcon_core.package_discovery:discover_packages(recursive) discover
[0.788s] INFO:colcon.colcon_core.package_discovery:Crawling recursively for packages in '/home/eeadmin/selfdrive/ros2'
[0.788s] Level 1:colcon.colcon_core.package_identification:_identify(.) by extensions ['ignore', 'ignore_ament_install']
[0.788s] Level 1:colcon.colcon_core.package_identification:_identify(.) by extension 'ignore'
[0.788s] Level 1:colcon.colcon_core.package_identification:_identify(.) by extension 'ignore_ament_install'
[0.788s] Level 1:colcon.colcon_core.package_identification:_identify(.) by extensions ['colcon_pkg']
[0.788s] Level 1:colcon.colcon_core.package_identification:_identify(.) by extension 'colcon_pkg'
[0.788s] Level 1:colcon.colcon_core.package_identification:_identify(.) by extensions ['colcon_meta']
[0.788s] Level 1:colcon.colcon_core.package_identification:_identify(.) by extension 'colcon_meta'
[0.788s] Level 1:colcon.colcon_core.package_identification:_identify(.) by extensions ['ros']
[0.788s] Level 1:colcon.colcon_core.package_identification:_identify(.) by extension 'ros'
[0.798s] Level 1:colcon.colcon_core.package_identification:_identify(.) by extensions ['cmake', 'python']
[0.798s] Level 1:colcon.colcon_core.package_identification:_identify(.) by extension 'cmake'
[0.798s] Level 1:colcon.colcon_core.package_identification:_identify(.) by extension 'python'
[0.798s] Level 1:colcon.colcon_core.package_identification:_identify(.) by extensions ['python_setup_py']
[0.798s] Level 1:colcon.colcon_core.package_identification:_identify(.) by extension 'python_setup_py'
[0.798s] Level 1:colcon.colcon_core.package_identification:_identify(build) by extensions ['ignore', 'ignore_ament_install']
[0.798s] Level 1:colcon.colcon_core.package_identification:_identify(build) by extension 'ignore'
[0.798s] Level 1:colcon.colcon_core.package_identification:_identify(build) ignored
[0.799s] Level 1:colcon.colcon_core.package_identification:_identify(install) by extensions ['ignore', 'ignore_ament_install']
[0.799s] Level 1:colcon.colcon_core.package_identification:_identify(install) by extension 'ignore'
[0.799s] Level 1:colcon.colcon_core.package_identification:_identify(install) ignored
[0.799s] Level 1:colcon.colcon_core.package_identification:_identify(log) by extensions ['ignore', 'ignore_ament_install']
[0.799s] Level 1:colcon.colcon_core.package_identification:_identify(log) by extension 'ignore'
[0.799s] Level 1:colcon.colcon_core.package_identification:_identify(log) ignored
[0.799s] Level 1:colcon.colcon_core.package_identification:_identify(src) by extensions ['ignore', 'ignore_ament_install']
[0.799s] Level 1:colcon.colcon_core.package_identification:_identify(src) by extension 'ignore'
[0.799s] Level 1:colcon.colcon_core.package_identification:_identify(src) by extension 'ignore_ament_install'
[0.799s] Level 1:colcon.colcon_core.package_identification:_identify(src) by extensions ['colcon_pkg']
[0.799s] Level 1:colcon.colcon_core.package_identification:_identify(src) by extension 'colcon_pkg'
[0.799s] Level 1:colcon.colcon_core.package_identification:_identify(src) by extensions ['colcon_meta']
[0.799s] Level 1:colcon.colcon_core.package_identification:_identify(src) by extension 'colcon_meta'
[0.799s] Level 1:colcon.colcon_core.package_identification:_identify(src) by extensions ['ros']
[0.799s] Level 1:colcon.colcon_core.package_identification:_identify(src) by extension 'ros'
[0.799s] Level 1:colcon.colcon_core.package_identification:_identify(src) by extensions ['cmake', 'python']
[0.799s] Level 1:colcon.colcon_core.package_identification:_identify(src) by extension 'cmake'
[0.799s] Level 1:colcon.colcon_core.package_identification:_identify(src) by extension 'python'
[0.799s] Level 1:colcon.colcon_core.package_identification:_identify(src) by extensions ['python_setup_py']
[0.800s] Level 1:colcon.colcon_core.package_identification:_identify(src) by extension 'python_setup_py'
[0.800s] Level 1:colcon.colcon_core.package_identification:_identify(src/lanefollowingtest) by extensions ['ignore', 'ignore_ament_install']
[0.800s] Level 1:colcon.colcon_core.package_identification:_identify(src/lanefollowingtest) by extension 'ignore'
[0.800s] Level 1:colcon.colcon_core.package_identification:_identify(src/lanefollowingtest) by extension 'ignore_ament_install'
[0.800s] Level 1:colcon.colcon_core.package_identification:_identify(src/lanefollowingtest) by extensions ['colcon_pkg']
[0.800s] Level 1:colcon.colcon_core.package_identification:_identify(src/lanefollowingtest) by extension 'colcon_pkg'
[0.800s] Level 1:colcon.colcon_core.package_identification:_identify(src/lanefollowingtest) by extensions ['colcon_meta']
[0.800s] Level 1:colcon.colcon_core.package_identification:_identify(src/lanefollowingtest) by extension 'colcon_meta'
[0.800s] Level 1:colcon.colcon_core.package_identification:_identify(src/lanefollowingtest) by extensions ['ros']
[0.800s] Level 1:colcon.colcon_core.package_identification:_identify(src/lanefollowingtest) by extension 'ros'
[0.800s] Level 1:colcon.colcon_core.package_identification:_identify(src/lanefollowingtest) by extensions ['cmake', 'python']
[0.800s] Level 1:colcon.colcon_core.package_identification:_identify(src/lanefollowingtest) by extension 'cmake'
[0.800s] Level 1:colcon.colcon_core.package_identification:_identify(src/lanefollowingtest) by extension 'python'
[0.800s] Level 1:colcon.colcon_core.package_identification:_identify(src/lanefollowingtest) by extensions ['python_setup_py']
[0.800s] Level 1:colcon.colcon_core.package_identification:_identify(src/lanefollowingtest) by extension 'python_setup_py'
[0.800s] Level 1:colcon.colcon_core.package_identification:_identify(src/turtlebot_vel_ctrl) by extensions ['ignore', 'ignore_ament_install']
[0.800s] Level 1:colcon.colcon_core.package_identification:_identify(src/turtlebot_vel_ctrl) by extension 'ignore'
[0.800s] Level 1:colcon.colcon_core.package_identification:_identify(src/turtlebot_vel_ctrl) by extension 'ignore_ament_install'
[0.800s] Level 1:colcon.colcon_core.package_identification:_identify(src/turtlebot_vel_ctrl) by extensions ['colcon_pkg']
[0.800s] Level 1:colcon.colcon_core.package_identification:_identify(src/turtlebot_vel_ctrl) by extension 'colcon_pkg'
[0.800s] Level 1:colcon.colcon_core.package_identification:_identify(src/turtlebot_vel_ctrl) by extensions ['colcon_meta']
[0.800s] Level 1:colcon.colcon_core.package_identification:_identify(src/turtlebot_vel_ctrl) by extension 'colcon_meta'
[0.801s] Level 1:colcon.colcon_core.package_identification:_identify(src/turtlebot_vel_ctrl) by extensions ['ros']
[0.801s] Level 1:colcon.colcon_core.package_identification:_identify(src/turtlebot_vel_ctrl) by extension 'ros'
[0.803s] DEBUG:colcon.colcon_core.package_identification:Package 'src/turtlebot_vel_ctrl' with type 'ros.ament_python' and name 'turtlebot_vel_ctrl'
[0.803s] Level 1:colcon.colcon_core.package_discovery:discover_packages(recursive) using defaults
[0.803s] Level 1:colcon.colcon_core.package_discovery:discover_packages(ignore) discover
[0.803s] Level 1:colcon.colcon_core.package_discovery:discover_packages(ignore) using defaults
[0.803s] Level 1:colcon.colcon_core.package_discovery:discover_packages(path) discover
[0.803s] Level 1:colcon.colcon_core.package_discovery:discover_packages(path) using defaults
[0.872s] Level 1:colcon.colcon_core.package_discovery:discover_packages(prefix_path) check parameters
[0.872s] Level 1:colcon.colcon_core.package_discovery:discover_packages(prefix_path) discover
[0.897s] DEBUG:colcon.colcon_installed_package_information.package_discovery:Found 1 installed packages in /home/eeadmin/selfdrive/ros2/install
[0.910s] DEBUG:colcon.colcon_installed_package_information.package_discovery:Found 270 installed packages in /opt/ros/humble
[0.911s] Level 1:colcon.colcon_core.package_discovery:discover_packages(prefix_path) using defaults
[0.981s] Level 5:colcon.colcon_core.verb:set package 'turtlebot_vel_ctrl' build argument 'cmake_args' from command line to 'None'
[0.981s] Level 5:colcon.colcon_core.verb:set package 'turtlebot_vel_ctrl' build argument 'cmake_target' from command line to 'None'
[0.981s] Level 5:colcon.colcon_core.verb:set package 'turtlebot_vel_ctrl' build argument 'cmake_target_skip_unavailable' from command line to 'False'
[0.981s] Level 5:colcon.colcon_core.verb:set package 'turtlebot_vel_ctrl' build argument 'cmake_clean_cache' from command line to 'False'
[0.981s] Level 5:colcon.colcon_core.verb:set package 'turtlebot_vel_ctrl' build argument 'cmake_clean_first' from command line to 'False'
[0.981s] Level 5:colcon.colcon_core.verb:set package 'turtlebot_vel_ctrl' build argument 'cmake_force_configure' from command line to 'False'
[0.981s] Level 5:colcon.colcon_core.verb:set package 'turtlebot_vel_ctrl' build argument 'ament_cmake_args' from command line to 'None'
[0.981s] Level 5:colcon.colcon_core.verb:set package 'turtlebot_vel_ctrl' build argument 'catkin_cmake_args' from command line to 'None'
[0.981s] Level 5:colcon.colcon_core.verb:set package 'turtlebot_vel_ctrl' build argument 'catkin_skip_building_tests' from command line to 'False'
[0.981s] DEBUG:colcon.colcon_core.verb:Building package 'turtlebot_vel_ctrl' with the following arguments: {'ament_cmake_args': None, 'build_base': '/home/eeadmin/selfdrive/ros2/build/turtlebot_vel_ctrl', 'catkin_cmake_args': None, 'catkin_skip_building_tests': False, 'cmake_args': None, 'cmake_clean_cache': False, 'cmake_clean_first': False, 'cmake_force_configure': False, 'cmake_target': None, 'cmake_target_skip_unavailable': False, 'install_base': '/home/eeadmin/selfdrive/ros2/install/turtlebot_vel_ctrl', 'merge_install': False, 'path': '/home/eeadmin/selfdrive/ros2/src/turtlebot_vel_ctrl', 'symlink_install': False, 'test_result_base': None}
[0.992s] INFO:colcon.colcon_core.executor:Executing jobs using 'parallel' executor
[1.004s] DEBUG:colcon.colcon_parallel_executor.executor.parallel:run_until_complete
[1.004s] INFO:colcon.colcon_ros.task.ament_python.build:Building ROS package in '/home/eeadmin/selfdrive/ros2/src/turtlebot_vel_ctrl' with build type 'ament_python'
[1.005s] Level 1:colcon.colcon_core.shell:create_environment_hook('turtlebot_vel_ctrl', 'ament_prefix_path')
[1.017s] INFO:colcon.colcon_core.plugin_system:Skipping extension 'colcon_core.shell.bat': Not used on non-Windows systems
[1.017s] INFO:colcon.colcon_core.shell:Creating environment hook '/home/eeadmin/selfdrive/ros2/install/turtlebot_vel_ctrl/share/turtlebot_vel_ctrl/hook/ament_prefix_path.ps1'
[1.018s] INFO:colcon.colcon_core.shell:Creating environment descriptor '/home/eeadmin/selfdrive/ros2/install/turtlebot_vel_ctrl/share/turtlebot_vel_ctrl/hook/ament_prefix_path.dsv'
[1.018s] INFO:colcon.colcon_core.shell:Creating environment hook '/home/eeadmin/selfdrive/ros2/install/turtlebot_vel_ctrl/share/turtlebot_vel_ctrl/hook/ament_prefix_path.sh'
[1.028s] INFO:colcon.colcon_core.shell:Skip shell extension 'powershell' for command environment: Not usable outside of PowerShell
[1.028s] DEBUG:colcon.colcon_core.shell:Skip shell extension 'dsv' for command environment
[1.250s] INFO:colcon.colcon_core.task.python.build:Building Python package in '/home/eeadmin/selfdrive/ros2/src/turtlebot_vel_ctrl'
[1.260s] INFO:colcon.colcon_core.shell:Skip shell extension 'powershell' for command environment: Not usable outside of PowerShell
[1.260s] DEBUG:colcon.colcon_core.shell:Skip shell extension 'dsv' for command environment
[1.567s] DEBUG:colcon.colcon_core.event_handler.log_command:Invoking command in '/home/eeadmin/selfdrive/ros2/src/turtlebot_vel_ctrl': PYTHONPATH=/home/eeadmin/selfdrive/ros2/build/turtlebot_vel_ctrl/prefix_override:/home/eeadmin/selfdrive/ros2/install/turtlebot_vel_ctrl/lib/python3.10/site-packages:${PYTHONPATH} /usr/bin/python3 setup.py egg_info --egg-base ../../build/turtlebot_vel_ctrl build --build-base /home/eeadmin/selfdrive/ros2/build/turtlebot_vel_ctrl/build install --record /home/eeadmin/selfdrive/ros2/build/turtlebot_vel_ctrl/install.log --single-version-externally-managed
[1.788s] DEBUG:colcon.colcon_core.event_handler.log_command:Invoked command in '/home/eeadmin/selfdrive/ros2/src/turtlebot_vel_ctrl' returned '0': PYTHONPATH=/home/eeadmin/selfdrive/ros2/build/turtlebot_vel_ctrl/prefix_override:/home/eeadmin/selfdrive/ros2/install/turtlebot_vel_ctrl/lib/python3.10/site-packages:${PYTHONPATH} /usr/bin/python3 setup.py egg_info --egg-base ../../build/turtlebot_vel_ctrl build --build-base /home/eeadmin/selfdrive/ros2/build/turtlebot_vel_ctrl/build install --record /home/eeadmin/selfdrive/ros2/build/turtlebot_vel_ctrl/install.log --single-version-externally-managed
[1.801s] Level 1:colcon.colcon_core.environment:checking '/home/eeadmin/selfdrive/ros2/install/turtlebot_vel_ctrl' for CMake module files
[1.801s] Level 1:colcon.colcon_core.environment:checking '/home/eeadmin/selfdrive/ros2/install/turtlebot_vel_ctrl' for CMake config files
[1.802s] Level 1:colcon.colcon_core.environment:checking '/home/eeadmin/selfdrive/ros2/install/turtlebot_vel_ctrl/lib'
[1.802s] Level 1:colcon.colcon_core.environment:checking '/home/eeadmin/selfdrive/ros2/install/turtlebot_vel_ctrl/bin'
[1.802s] Level 1:colcon.colcon_core.environment:checking '/home/eeadmin/selfdrive/ros2/install/turtlebot_vel_ctrl/lib/pkgconfig/turtlebot_vel_ctrl.pc'
[1.802s] Level 1:colcon.colcon_core.environment:checking '/home/eeadmin/selfdrive/ros2/install/turtlebot_vel_ctrl/lib/python3.10/site-packages'
[1.802s] Level 1:colcon.colcon_core.shell:create_environment_hook('turtlebot_vel_ctrl', 'pythonpath')
[1.814s] INFO:colcon.colcon_core.shell:Creating environment hook '/home/eeadmin/selfdrive/ros2/install/turtlebot_vel_ctrl/share/turtlebot_vel_ctrl/hook/pythonpath.ps1'
[1.814s] INFO:colcon.colcon_core.shell:Creating environment descriptor '/home/eeadmin/selfdrive/ros2/install/turtlebot_vel_ctrl/share/turtlebot_vel_ctrl/hook/pythonpath.dsv'
[1.815s] INFO:colcon.colcon_core.shell:Creating environment hook '/home/eeadmin/selfdrive/ros2/install/turtlebot_vel_ctrl/share/turtlebot_vel_ctrl/hook/pythonpath.sh'
[1.815s] Level 1:colcon.colcon_core.environment:checking '/home/eeadmin/selfdrive/ros2/install/turtlebot_vel_ctrl/bin'
[1.816s] Level 1:colcon.colcon_core.environment:create_environment_scripts_only(turtlebot_vel_ctrl)
[1.826s] INFO:colcon.colcon_core.shell:Creating package script '/home/eeadmin/selfdrive/ros2/install/turtlebot_vel_ctrl/share/turtlebot_vel_ctrl/package.ps1'
[1.828s] INFO:colcon.colcon_core.shell:Creating package descriptor '/home/eeadmin/selfdrive/ros2/install/turtlebot_vel_ctrl/share/turtlebot_vel_ctrl/package.dsv'
[1.828s] INFO:colcon.colcon_core.shell:Creating package script '/home/eeadmin/selfdrive/ros2/install/turtlebot_vel_ctrl/share/turtlebot_vel_ctrl/package.sh'
[1.829s] INFO:colcon.colcon_core.shell:Creating package script '/home/eeadmin/selfdrive/ros2/install/turtlebot_vel_ctrl/share/turtlebot_vel_ctrl/package.bash'
[1.829s] INFO:colcon.colcon_core.shell:Creating package script '/home/eeadmin/selfdrive/ros2/install/turtlebot_vel_ctrl/share/turtlebot_vel_ctrl/package.zsh'
[1.830s] Level 1:colcon.colcon_core.environment:create_file_with_runtime_dependencies(/home/eeadmin/selfdrive/ros2/install/turtlebot_vel_ctrl/share/colcon-core/packages/turtlebot_vel_ctrl)
[1.830s] DEBUG:colcon.colcon_parallel_executor.executor.parallel:closing loop
[1.830s] DEBUG:colcon.colcon_parallel_executor.executor.parallel:loop closed
[1.830s] DEBUG:colcon.colcon_parallel_executor.executor.parallel:run_until_complete finished with '0'
[1.830s] DEBUG:colcon.colcon_core.event_reactor:joining thread
[1.847s] INFO:colcon.colcon_core.plugin_system:Skipping extension 'colcon_notification.desktop_notification.terminal_notifier': Not used on non-Darwin systems
[1.847s] INFO:colcon.colcon_core.plugin_system:Skipping extension 'colcon_notification.desktop_notification.win32': Not used on non-Windows systems
[1.848s] INFO:colcon.colcon_notification.desktop_notification:Sending desktop notification using 'notify2'
[1.858s] DEBUG:colcon.colcon_core.event_reactor:joined thread
[1.869s] INFO:colcon.colcon_core.shell:Creating prefix script '/home/eeadmin/selfdrive/ros2/install/local_setup.ps1'
[1.869s] INFO:colcon.colcon_core.shell:Creating prefix util module '/home/eeadmin/selfdrive/ros2/install/_local_setup_util_ps1.py'
[1.870s] INFO:colcon.colcon_core.shell:Creating prefix chain script '/home/eeadmin/selfdrive/ros2/install/setup.ps1'
[1.881s] INFO:colcon.colcon_core.shell:Creating prefix script '/home/eeadmin/selfdrive/ros2/install/local_setup.sh'
[1.882s] INFO:colcon.colcon_core.shell:Creating prefix util module '/home/eeadmin/selfdrive/ros2/install/_local_setup_util_sh.py'
[1.882s] INFO:colcon.colcon_core.shell:Creating prefix chain script '/home/eeadmin/selfdrive/ros2/install/setup.sh'
[1.894s] INFO:colcon.colcon_core.shell:Creating prefix script '/home/eeadmin/selfdrive/ros2/install/local_setup.bash'
[1.895s] INFO:colcon.colcon_core.shell:Creating prefix chain script '/home/eeadmin/selfdrive/ros2/install/setup.bash'
[1.906s] INFO:colcon.colcon_core.shell:Creating prefix script '/home/eeadmin/selfdrive/ros2/install/local_setup.zsh'
[1.907s] INFO:colcon.colcon_core.shell:Creating prefix chain script '/home/eeadmin/selfdrive/ros2/install/setup.zsh'
