running egg_info
creating ../../build/send_vel_sm_package/send_vel_sm_package.egg-info
writing ../../build/send_vel_sm_package/send_vel_sm_package.egg-info/PKG-INFO
writing dependency_links to ../../build/send_vel_sm_package/send_vel_sm_package.egg-info/dependency_links.txt
writing entry points to ../../build/send_vel_sm_package/send_vel_sm_package.egg-info/entry_points.txt
writing requirements to ../../build/send_vel_sm_package/send_vel_sm_package.egg-info/requires.txt
writing top-level names to ../../build/send_vel_sm_package/send_vel_sm_package.egg-info/top_level.txt
writing manifest file '../../build/send_vel_sm_package/send_vel_sm_package.egg-info/SOURCES.txt'
reading manifest file '../../build/send_vel_sm_package/send_vel_sm_package.egg-info/SOURCES.txt'
adding license file 'LICENSE'
writing manifest file '../../build/send_vel_sm_package/send_vel_sm_package.egg-info/SOURCES.txt'
running build
running build_py
creating /home/eeadmin/rosworkspaces/sm_send_vel_ws/build/send_vel_sm_package/build
creating /home/eeadmin/rosworkspaces/sm_send_vel_ws/build/send_vel_sm_package/build/lib
creating /home/eeadmin/rosworkspaces/sm_send_vel_ws/build/send_vel_sm_package/build/lib/send_vel_sm_package
copying send_vel_sm_package/send_vel_sm_node.py -> /home/eeadmin/rosworkspaces/sm_send_vel_ws/build/send_vel_sm_package/build/lib/send_vel_sm_package
copying send_vel_sm_package/__init__.py -> /home/eeadmin/rosworkspaces/sm_send_vel_ws/build/send_vel_sm_package/build/lib/send_vel_sm_package
running install
running install_lib
creating /home/eeadmin/rosworkspaces/sm_send_vel_ws/install/send_vel_sm_package/lib/python3.10/site-packages/send_vel_sm_package
copying /home/eeadmin/rosworkspaces/sm_send_vel_ws/build/send_vel_sm_package/build/lib/send_vel_sm_package/send_vel_sm_node.py -> /home/eeadmin/rosworkspaces/sm_send_vel_ws/install/send_vel_sm_package/lib/python3.10/site-packages/send_vel_sm_package
copying /home/eeadmin/rosworkspaces/sm_send_vel_ws/build/send_vel_sm_package/build/lib/send_vel_sm_package/__init__.py -> /home/eeadmin/rosworkspaces/sm_send_vel_ws/install/send_vel_sm_package/lib/python3.10/site-packages/send_vel_sm_package
byte-compiling /home/eeadmin/rosworkspaces/sm_send_vel_ws/install/send_vel_sm_package/lib/python3.10/site-packages/send_vel_sm_package/send_vel_sm_node.py to send_vel_sm_node.cpython-310.pyc
byte-compiling /home/eeadmin/rosworkspaces/sm_send_vel_ws/install/send_vel_sm_package/lib/python3.10/site-packages/send_vel_sm_package/__init__.py to __init__.cpython-310.pyc
running install_data
creating /home/eeadmin/rosworkspaces/sm_send_vel_ws/install/send_vel_sm_package/share/ament_index
creating /home/eeadmin/rosworkspaces/sm_send_vel_ws/install/send_vel_sm_package/share/ament_index/resource_index
creating /home/eeadmin/rosworkspaces/sm_send_vel_ws/install/send_vel_sm_package/share/ament_index/resource_index/packages
copying resource/send_vel_sm_package -> /home/eeadmin/rosworkspaces/sm_send_vel_ws/install/send_vel_sm_package/share/ament_index/resource_index/packages
copying package.xml -> /home/eeadmin/rosworkspaces/sm_send_vel_ws/install/send_vel_sm_package/share/send_vel_sm_package
running install_egg_info
Copying ../../build/send_vel_sm_package/send_vel_sm_package.egg-info to /home/eeadmin/rosworkspaces/sm_send_vel_ws/install/send_vel_sm_package/lib/python3.10/site-packages/send_vel_sm_package-0.0.0-py3.10.egg-info
running install_scripts
Installing send_vel_sm_node script to /home/eeadmin/rosworkspaces/sm_send_vel_ws/install/send_vel_sm_package/lib/send_vel_sm_package
writing list of installed files to '/home/eeadmin/rosworkspaces/sm_send_vel_ws/build/send_vel_sm_package/install.log'
